2024-07-21 07:15:06,811 [Worker-6: Loading available Gradle versions] INFO  o.e.b.c.i.u.g.PublishedGradleVersions - Gradle version information cache is up-to-date. Trying to read.
2024-07-21 07:16:23,336 [Worker-2: Import Getting Started Content] INFO  o.e.m.c.i.l.LifecycleMappingFactory - Using org.eclipse.m2e.jdt.JarLifecycleMapping lifecycle mapping for MavenProject: com.employee:employee-service:0.0.1-SNAPSHOT @ C:\projects\fullstack\reactjs_springboot_postgres\employee-service\pom.xml.
2024-07-21 07:16:24,959 [Worker-2: Import Getting Started Content] INFO  o.e.m.j.i.AbstractJavaProjectConfigurator - Adding source folder /employee-service/src/main/java
2024-07-21 07:16:24,961 [Worker-2: Import Getting Started Content] INFO  o.e.m.j.i.AbstractJavaProjectConfigurator - Adding resource folder /employee-service/src/main/resources
2024-07-21 07:16:24,969 [Worker-2: Import Getting Started Content] INFO  o.e.m.j.i.AbstractJavaProjectConfigurator - Adding resource folder /employee-service/src/main/resources
2024-07-21 07:16:24,975 [Worker-2: Import Getting Started Content] INFO  o.e.m.j.i.AbstractJavaProjectConfigurator - Adding source folder /employee-service/src/test/java
2024-07-21 07:16:24,978 [Worker-2: Import Getting Started Content] INFO  o.e.m.j.i.AbstractJavaProjectConfigurator - Adding resource folder /employee-service/src/test/resources
2024-07-21 07:16:26,076 [Worker-2: Import Getting Started Content] INFO  o.e.m.c.i.p.ProjectConfigurationManager - Imported and configured 1 project(s) in 4 sec
2024-07-21 07:16:26,083 [Worker-2: Import Getting Started Content] INFO  o.e.m.c.i.p.ProjectConfigurationManager - Update started
2024-07-21 07:16:26,731 [Worker-2: Import Getting Started Content] INFO  o.e.m.c.i.l.LifecycleMappingFactory - Using org.eclipse.m2e.jdt.JarLifecycleMapping lifecycle mapping for MavenProject: com.employee:employee-service:0.0.1-SNAPSHOT @ C:\projects\fullstack\reactjs_springboot_postgres\employee-service\pom.xml.
2024-07-21 07:16:28,189 [Worker-2: Import Getting Started Content] INFO  o.e.m.j.i.AbstractJavaProjectConfigurator - Adding source folder /employee-service/src/main/java
2024-07-21 07:16:28,191 [Worker-2: Import Getting Started Content] INFO  o.e.m.j.i.AbstractJavaProjectConfigurator - Adding resource folder /employee-service/src/main/resources
2024-07-21 07:16:28,192 [Worker-2: Import Getting Started Content] INFO  o.e.m.j.i.AbstractJavaProjectConfigurator - Adding resource folder /employee-service/src/main/resources
2024-07-21 07:16:28,193 [Worker-2: Import Getting Started Content] INFO  o.e.m.j.i.AbstractJavaProjectConfigurator - Adding source folder /employee-service/src/test/java
2024-07-21 07:16:28,195 [Worker-2: Import Getting Started Content] INFO  o.e.m.j.i.AbstractJavaProjectConfigurator - Adding resource folder /employee-service/src/test/resources
2024-07-21 07:16:29,742 [Worker-2: Import Getting Started Content] INFO  o.e.m.c.i.p.ProjectConfigurationManager - Update completed for 1 poms: local refresh takes 0.00 sec, refresh facades takes 2.00 sec, update config takes 1.00 sec 
2024-07-21 07:16:32,130 [Worker-2: Building] INFO  o.a.m.s.f.DefaultMavenResourcesFiltering - Copying 1 resource from src\main\resources to target\classes
2024-07-21 07:16:32,164 [Worker-2: Building] INFO  o.a.m.s.f.DefaultMavenResourcesFiltering - Copying 0 resource from src\main\resources to target\classes
2024-07-21 07:16:32,173 [Worker-2: Building] INFO  o.a.m.s.f.DefaultMavenResourcesFiltering - skip non existing resourceDirectory C:\projects\fullstack\reactjs_springboot_postgres\employee-service\src\test\resources
2024-07-21 07:17:42,788 [Worker-12: Launching Executing install in C__projects_fullstack_reactjs_springboot_postgres_employee-service] INFO  o.eclipse.m2e.core.internal.Bundles - getClasspathEntries(Bundle=org.eclipse.m2e.maven.runtime_3.9.600.20231203-1234 [354])
2024-07-21 07:17:42,790 [Worker-12: Launching Executing install in C__projects_fullstack_reactjs_springboot_postgres_employee-service] INFO  o.eclipse.m2e.core.internal.Bundles - 	Entry: C:\sts\sts-4.22.0.RELEASE\plugins\org.eclipse.m2e.maven.runtime_3.9.600.20231203-1234
2024-07-21 07:17:42,790 [Worker-12: Launching Executing install in C__projects_fullstack_reactjs_springboot_postgres_employee-service] INFO  o.eclipse.m2e.core.internal.Bundles - 	Entry: C:\sts\sts-4.22.0.RELEASE\plugins\org.eclipse.m2e.maven.runtime_3.9.600.20231203-1234\jars\aopalliance-1.0.jar
2024-07-21 07:17:42,790 [Worker-12: Launching Executing install in C__projects_fullstack_reactjs_springboot_postgres_employee-service] INFO  o.eclipse.m2e.core.internal.Bundles - 	Entry: C:\sts\sts-4.22.0.RELEASE\plugins\org.eclipse.m2e.maven.runtime_3.9.600.20231203-1234\jars\guice-5.1.0.jar
2024-07-21 07:17:42,790 [Worker-12: Launching Executing install in C__projects_fullstack_reactjs_springboot_postgres_employee-service] INFO  o.eclipse.m2e.core.internal.Bundles - 	Entry: C:\sts\sts-4.22.0.RELEASE\plugins\org.eclipse.m2e.maven.runtime_3.9.600.20231203-1234\jars\httpclient-4.5.14.jar
2024-07-21 07:17:42,791 [Worker-12: Launching Executing install in C__projects_fullstack_reactjs_springboot_postgres_employee-service] INFO  o.eclipse.m2e.core.internal.Bundles - 	Entry: C:\sts\sts-4.22.0.RELEASE\plugins\org.eclipse.m2e.maven.runtime_3.9.600.20231203-1234\jars\httpcore-4.4.16.jar
2024-07-21 07:17:42,791 [Worker-12: Launching Executing install in C__projects_fullstack_reactjs_springboot_postgres_employee-service] INFO  o.eclipse.m2e.core.internal.Bundles - 	Entry: C:\sts\sts-4.22.0.RELEASE\plugins\org.eclipse.m2e.maven.runtime_3.9.600.20231203-1234\jars\jansi-2.4.0.jar
2024-07-21 07:17:42,791 [Worker-12: Launching Executing install in C__projects_fullstack_reactjs_springboot_postgres_employee-service] INFO  o.eclipse.m2e.core.internal.Bundles - 	Entry: C:\sts\sts-4.22.0.RELEASE\plugins\org.eclipse.m2e.maven.runtime_3.9.600.20231203-1234\jars\jcl-over-slf4j-1.7.36.jar
2024-07-21 07:17:42,791 [Worker-12: Launching Executing install in C__projects_fullstack_reactjs_springboot_postgres_employee-service] INFO  o.eclipse.m2e.core.internal.Bundles - 	Entry: C:\sts\sts-4.22.0.RELEASE\plugins\org.eclipse.m2e.maven.runtime_3.9.600.20231203-1234\jars\maven-artifact-3.9.6.jar
2024-07-21 07:17:42,791 [Worker-12: Launching Executing install in C__projects_fullstack_reactjs_springboot_postgres_employee-service] INFO  o.eclipse.m2e.core.internal.Bundles - 	Entry: C:\sts\sts-4.22.0.RELEASE\plugins\org.eclipse.m2e.maven.runtime_3.9.600.20231203-1234\jars\maven-builder-support-3.9.6.jar
2024-07-21 07:17:42,792 [Worker-12: Launching Executing install in C__projects_fullstack_reactjs_springboot_postgres_employee-service] INFO  o.eclipse.m2e.core.internal.Bundles - 	Entry: C:\sts\sts-4.22.0.RELEASE\plugins\org.eclipse.m2e.maven.runtime_3.9.600.20231203-1234\jars\maven-compat-3.9.6.jar
2024-07-21 07:17:42,792 [Worker-12: Launching Executing install in C__projects_fullstack_reactjs_springboot_postgres_employee-service] INFO  o.eclipse.m2e.core.internal.Bundles - 	Entry: C:\sts\sts-4.22.0.RELEASE\plugins\org.eclipse.m2e.maven.runtime_3.9.600.20231203-1234\jars\maven-core-3.9.6.jar
2024-07-21 07:17:42,792 [Worker-12: Launching Executing install in C__projects_fullstack_reactjs_springboot_postgres_employee-service] INFO  o.eclipse.m2e.core.internal.Bundles - 	Entry: C:\sts\sts-4.22.0.RELEASE\plugins\org.eclipse.m2e.maven.runtime_3.9.600.20231203-1234\jars\maven-embedder-3.9.6.jar
2024-07-21 07:17:42,792 [Worker-12: Launching Executing install in C__projects_fullstack_reactjs_springboot_postgres_employee-service] INFO  o.eclipse.m2e.core.internal.Bundles - 	Entry: C:\sts\sts-4.22.0.RELEASE\plugins\org.eclipse.m2e.maven.runtime_3.9.600.20231203-1234\jars\maven-model-3.9.6.jar
2024-07-21 07:17:42,792 [Worker-12: Launching Executing install in C__projects_fullstack_reactjs_springboot_postgres_employee-service] INFO  o.eclipse.m2e.core.internal.Bundles - 	Entry: C:\sts\sts-4.22.0.RELEASE\plugins\org.eclipse.m2e.maven.runtime_3.9.600.20231203-1234\jars\maven-model-builder-3.9.6.jar
2024-07-21 07:17:42,793 [Worker-12: Launching Executing install in C__projects_fullstack_reactjs_springboot_postgres_employee-service] INFO  o.eclipse.m2e.core.internal.Bundles - 	Entry: C:\sts\sts-4.22.0.RELEASE\plugins\org.eclipse.m2e.maven.runtime_3.9.600.20231203-1234\jars\maven-plugin-api-3.9.6.jar
2024-07-21 07:17:42,793 [Worker-12: Launching Executing install in C__projects_fullstack_reactjs_springboot_postgres_employee-service] INFO  o.eclipse.m2e.core.internal.Bundles - 	Entry: C:\sts\sts-4.22.0.RELEASE\plugins\org.eclipse.m2e.maven.runtime_3.9.600.20231203-1234\jars\maven-repository-metadata-3.9.6.jar
2024-07-21 07:17:42,793 [Worker-12: Launching Executing install in C__projects_fullstack_reactjs_springboot_postgres_employee-service] INFO  o.eclipse.m2e.core.internal.Bundles - 	Entry: C:\sts\sts-4.22.0.RELEASE\plugins\org.eclipse.m2e.maven.runtime_3.9.600.20231203-1234\jars\maven-resolver-api-1.9.18.jar
2024-07-21 07:17:42,793 [Worker-12: Launching Executing install in C__projects_fullstack_reactjs_springboot_postgres_employee-service] INFO  o.eclipse.m2e.core.internal.Bundles - 	Entry: C:\sts\sts-4.22.0.RELEASE\plugins\org.eclipse.m2e.maven.runtime_3.9.600.20231203-1234\jars\maven-resolver-connector-basic-1.9.18.jar
2024-07-21 07:17:42,793 [Worker-12: Launching Executing install in C__projects_fullstack_reactjs_springboot_postgres_employee-service] INFO  o.eclipse.m2e.core.internal.Bundles - 	Entry: C:\sts\sts-4.22.0.RELEASE\plugins\org.eclipse.m2e.maven.runtime_3.9.600.20231203-1234\jars\maven-resolver-impl-1.9.18.jar
2024-07-21 07:17:42,794 [Worker-12: Launching Executing install in C__projects_fullstack_reactjs_springboot_postgres_employee-service] INFO  o.eclipse.m2e.core.internal.Bundles - 	Entry: C:\sts\sts-4.22.0.RELEASE\plugins\org.eclipse.m2e.maven.runtime_3.9.600.20231203-1234\jars\maven-resolver-named-locks-1.9.18.jar
2024-07-21 07:17:42,794 [Worker-12: Launching Executing install in C__projects_fullstack_reactjs_springboot_postgres_employee-service] INFO  o.eclipse.m2e.core.internal.Bundles - 	Entry: C:\sts\sts-4.22.0.RELEASE\plugins\org.eclipse.m2e.maven.runtime_3.9.600.20231203-1234\jars\maven-resolver-provider-3.9.6.jar
2024-07-21 07:17:42,794 [Worker-12: Launching Executing install in C__projects_fullstack_reactjs_springboot_postgres_employee-service] INFO  o.eclipse.m2e.core.internal.Bundles - 	Entry: C:\sts\sts-4.22.0.RELEASE\plugins\org.eclipse.m2e.maven.runtime_3.9.600.20231203-1234\jars\maven-resolver-spi-1.9.18.jar
2024-07-21 07:17:42,794 [Worker-12: Launching Executing install in C__projects_fullstack_reactjs_springboot_postgres_employee-service] INFO  o.eclipse.m2e.core.internal.Bundles - 	Entry: C:\sts\sts-4.22.0.RELEASE\plugins\org.eclipse.m2e.maven.runtime_3.9.600.20231203-1234\jars\maven-resolver-transport-file-1.9.18.jar
2024-07-21 07:17:42,794 [Worker-12: Launching Executing install in C__projects_fullstack_reactjs_springboot_postgres_employee-service] INFO  o.eclipse.m2e.core.internal.Bundles - 	Entry: C:\sts\sts-4.22.0.RELEASE\plugins\org.eclipse.m2e.maven.runtime_3.9.600.20231203-1234\jars\maven-resolver-transport-http-1.9.18.jar
2024-07-21 07:17:42,795 [Worker-12: Launching Executing install in C__projects_fullstack_reactjs_springboot_postgres_employee-service] INFO  o.eclipse.m2e.core.internal.Bundles - 	Entry: C:\sts\sts-4.22.0.RELEASE\plugins\org.eclipse.m2e.maven.runtime_3.9.600.20231203-1234\jars\maven-resolver-transport-wagon-1.9.18.jar
2024-07-21 07:17:42,795 [Worker-12: Launching Executing install in C__projects_fullstack_reactjs_springboot_postgres_employee-service] INFO  o.eclipse.m2e.core.internal.Bundles - 	Entry: C:\sts\sts-4.22.0.RELEASE\plugins\org.eclipse.m2e.maven.runtime_3.9.600.20231203-1234\jars\maven-resolver-util-1.9.18.jar
2024-07-21 07:17:42,795 [Worker-12: Launching Executing install in C__projects_fullstack_reactjs_springboot_postgres_employee-service] INFO  o.eclipse.m2e.core.internal.Bundles - 	Entry: C:\sts\sts-4.22.0.RELEASE\plugins\org.eclipse.m2e.maven.runtime_3.9.600.20231203-1234\jars\maven-settings-3.9.6.jar
2024-07-21 07:17:42,795 [Worker-12: Launching Executing install in C__projects_fullstack_reactjs_springboot_postgres_employee-service] INFO  o.eclipse.m2e.core.internal.Bundles - 	Entry: C:\sts\sts-4.22.0.RELEASE\plugins\org.eclipse.m2e.maven.runtime_3.9.600.20231203-1234\jars\maven-settings-builder-3.9.6.jar
2024-07-21 07:17:42,795 [Worker-12: Launching Executing install in C__projects_fullstack_reactjs_springboot_postgres_employee-service] INFO  o.eclipse.m2e.core.internal.Bundles - 	Entry: C:\sts\sts-4.22.0.RELEASE\plugins\org.eclipse.m2e.maven.runtime_3.9.600.20231203-1234\jars\maven-shared-utils-3.3.4.jar
2024-07-21 07:17:42,796 [Worker-12: Launching Executing install in C__projects_fullstack_reactjs_springboot_postgres_employee-service] INFO  o.eclipse.m2e.core.internal.Bundles - 	Entry: C:\sts\sts-4.22.0.RELEASE\plugins\org.eclipse.m2e.maven.runtime_3.9.600.20231203-1234\jars\org.eclipse.sisu.inject-0.9.0.M2.jar
2024-07-21 07:17:42,796 [Worker-12: Launching Executing install in C__projects_fullstack_reactjs_springboot_postgres_employee-service] INFO  o.eclipse.m2e.core.internal.Bundles - 	Entry: C:\sts\sts-4.22.0.RELEASE\plugins\org.eclipse.m2e.maven.runtime_3.9.600.20231203-1234\jars\org.eclipse.sisu.plexus-0.9.0.M2.jar
2024-07-21 07:17:42,796 [Worker-12: Launching Executing install in C__projects_fullstack_reactjs_springboot_postgres_employee-service] INFO  o.eclipse.m2e.core.internal.Bundles - 	Entry: C:\sts\sts-4.22.0.RELEASE\plugins\org.eclipse.m2e.maven.runtime_3.9.600.20231203-1234\jars\plexus-build-api-0.0.7.jar
2024-07-21 07:17:42,796 [Worker-12: Launching Executing install in C__projects_fullstack_reactjs_springboot_postgres_employee-service] INFO  o.eclipse.m2e.core.internal.Bundles - 	Entry: C:\sts\sts-4.22.0.RELEASE\plugins\org.eclipse.m2e.maven.runtime_3.9.600.20231203-1234\jars\plexus-cipher-2.0.jar
2024-07-21 07:17:42,796 [Worker-12: Launching Executing install in C__projects_fullstack_reactjs_springboot_postgres_employee-service] INFO  o.eclipse.m2e.core.internal.Bundles - 	Entry: C:\sts\sts-4.22.0.RELEASE\plugins\org.eclipse.m2e.maven.runtime_3.9.600.20231203-1234\jars\plexus-classworlds-2.7.0.jar
2024-07-21 07:17:42,796 [Worker-12: Launching Executing install in C__projects_fullstack_reactjs_springboot_postgres_employee-service] INFO  o.eclipse.m2e.core.internal.Bundles - 	Entry: C:\sts\sts-4.22.0.RELEASE\plugins\org.eclipse.m2e.maven.runtime_3.9.600.20231203-1234\jars\plexus-component-annotations-2.1.0.jar
2024-07-21 07:17:42,797 [Worker-12: Launching Executing install in C__projects_fullstack_reactjs_springboot_postgres_employee-service] INFO  o.eclipse.m2e.core.internal.Bundles - 	Entry: C:\sts\sts-4.22.0.RELEASE\plugins\org.eclipse.m2e.maven.runtime_3.9.600.20231203-1234\jars\plexus-interpolation-1.26.jar
2024-07-21 07:17:42,797 [Worker-12: Launching Executing install in C__projects_fullstack_reactjs_springboot_postgres_employee-service] INFO  o.eclipse.m2e.core.internal.Bundles - 	Entry: C:\sts\sts-4.22.0.RELEASE\plugins\org.eclipse.m2e.maven.runtime_3.9.600.20231203-1234\jars\plexus-sec-dispatcher-2.0.jar
2024-07-21 07:17:42,797 [Worker-12: Launching Executing install in C__projects_fullstack_reactjs_springboot_postgres_employee-service] INFO  o.eclipse.m2e.core.internal.Bundles - 	Entry: C:\sts\sts-4.22.0.RELEASE\plugins\org.eclipse.m2e.maven.runtime_3.9.600.20231203-1234\jars\plexus-utils-3.5.1.jar
2024-07-21 07:17:42,797 [Worker-12: Launching Executing install in C__projects_fullstack_reactjs_springboot_postgres_employee-service] INFO  o.eclipse.m2e.core.internal.Bundles - 	Entry: C:\sts\sts-4.22.0.RELEASE\plugins\org.eclipse.m2e.maven.runtime_3.9.600.20231203-1234\jars\wagon-file-3.5.3.jar
2024-07-21 07:17:42,797 [Worker-12: Launching Executing install in C__projects_fullstack_reactjs_springboot_postgres_employee-service] INFO  o.eclipse.m2e.core.internal.Bundles - 	Entry: C:\sts\sts-4.22.0.RELEASE\plugins\org.eclipse.m2e.maven.runtime_3.9.600.20231203-1234\jars\wagon-http-3.5.3.jar
2024-07-21 07:17:42,797 [Worker-12: Launching Executing install in C__projects_fullstack_reactjs_springboot_postgres_employee-service] INFO  o.eclipse.m2e.core.internal.Bundles - 	Entry: C:\sts\sts-4.22.0.RELEASE\plugins\org.eclipse.m2e.maven.runtime_3.9.600.20231203-1234\jars\wagon-http-shared-3.5.3.jar
2024-07-21 07:17:42,797 [Worker-12: Launching Executing install in C__projects_fullstack_reactjs_springboot_postgres_employee-service] INFO  o.eclipse.m2e.core.internal.Bundles - 	Entry: C:\sts\sts-4.22.0.RELEASE\plugins\org.eclipse.m2e.maven.runtime_3.9.600.20231203-1234\jars\wagon-provider-api-3.5.3.jar
2024-07-21 07:17:42,799 [Worker-12: Launching Executing install in C__projects_fullstack_reactjs_springboot_postgres_employee-service] INFO  o.eclipse.m2e.core.internal.Bundles - getClasspathEntries(Bundle=com.google.guava_33.0.0.jre [27])
2024-07-21 07:17:42,799 [Worker-12: Launching Executing install in C__projects_fullstack_reactjs_springboot_postgres_employee-service] INFO  o.eclipse.m2e.core.internal.Bundles - 	Entry: C:\sts\sts-4.22.0.RELEASE\plugins\com.google.guava_33.0.0.jre.jar
2024-07-21 07:17:42,799 [Worker-12: Launching Executing install in C__projects_fullstack_reactjs_springboot_postgres_employee-service] INFO  o.eclipse.m2e.core.internal.Bundles - getClasspathEntries(Bundle=slf4j.api_2.0.12 [583])
2024-07-21 07:17:42,800 [Worker-12: Launching Executing install in C__projects_fullstack_reactjs_springboot_postgres_employee-service] INFO  o.eclipse.m2e.core.internal.Bundles - 	Entry: C:\sts\sts-4.22.0.RELEASE\plugins\slf4j.api_2.0.12.jar
2024-07-21 07:17:42,800 [Worker-12: Launching Executing install in C__projects_fullstack_reactjs_springboot_postgres_employee-service] INFO  o.eclipse.m2e.core.internal.Bundles - getClasspathEntries(Bundle=jakarta.inject.jakarta.inject-api_1.0.5 [44])
2024-07-21 07:17:42,800 [Worker-12: Launching Executing install in C__projects_fullstack_reactjs_springboot_postgres_employee-service] INFO  o.eclipse.m2e.core.internal.Bundles - 	Entry: C:\sts\sts-4.22.0.RELEASE\plugins\jakarta.inject.jakarta.inject-api_1.0.5.jar
2024-07-21 07:17:42,800 [Worker-12: Launching Executing install in C__projects_fullstack_reactjs_springboot_postgres_employee-service] INFO  o.eclipse.m2e.core.internal.Bundles - getClasspathEntries(Bundle=jakarta.annotation-api_1.3.5 [40])
2024-07-21 07:17:42,800 [Worker-12: Launching Executing install in C__projects_fullstack_reactjs_springboot_postgres_employee-service] INFO  o.eclipse.m2e.core.internal.Bundles - 	Entry: C:\sts\sts-4.22.0.RELEASE\plugins\jakarta.annotation-api_1.3.5.jar
2024-07-21 07:17:42,800 [Worker-12: Launching Executing install in C__projects_fullstack_reactjs_springboot_postgres_employee-service] INFO  o.eclipse.m2e.core.internal.Bundles - getClasspathEntries(Bundle=org.apache.commons.cli_1.6.0 [75])
2024-07-21 07:17:42,801 [Worker-12: Launching Executing install in C__projects_fullstack_reactjs_springboot_postgres_employee-service] INFO  o.eclipse.m2e.core.internal.Bundles - 	Entry: C:\sts\sts-4.22.0.RELEASE\plugins\org.apache.commons.cli_1.6.0.jar
2024-07-21 07:17:42,801 [Worker-12: Launching Executing install in C__projects_fullstack_reactjs_springboot_postgres_employee-service] INFO  o.eclipse.m2e.core.internal.Bundles - getClasspathEntries(Bundle=org.apache.commons.commons-codec_1.16.0 [77])
2024-07-21 07:17:42,801 [Worker-12: Launching Executing install in C__projects_fullstack_reactjs_springboot_postgres_employee-service] INFO  o.eclipse.m2e.core.internal.Bundles - 	Entry: C:\sts\sts-4.22.0.RELEASE\plugins\org.apache.commons.commons-codec_1.16.0.jar
2024-07-21 07:17:42,801 [Worker-12: Launching Executing install in C__projects_fullstack_reactjs_springboot_postgres_employee-service] INFO  o.eclipse.m2e.core.internal.Bundles - getClasspathEntries(Bundle=org.apache.commons.lang3_3.14.0 [81])
2024-07-21 07:17:42,801 [Worker-12: Launching Executing install in C__projects_fullstack_reactjs_springboot_postgres_employee-service] INFO  o.eclipse.m2e.core.internal.Bundles - 	Entry: C:\sts\sts-4.22.0.RELEASE\plugins\org.apache.commons.lang3_3.14.0.jar
2024-07-21 07:17:42,801 [Worker-12: Launching Executing install in C__projects_fullstack_reactjs_springboot_postgres_employee-service] INFO  o.eclipse.m2e.core.internal.Bundles - getClasspathEntries(Bundle=com.google.guava.failureaccess_1.0.2 [29])
2024-07-21 07:17:42,802 [Worker-12: Launching Executing install in C__projects_fullstack_reactjs_springboot_postgres_employee-service] INFO  o.eclipse.m2e.core.internal.Bundles - 	Entry: C:\sts\sts-4.22.0.RELEASE\plugins\com.google.guava.failureaccess_1.0.2.jar
2024-07-21 07:17:42,808 [Worker-12: Launching Executing install in C__projects_fullstack_reactjs_springboot_postgres_employee-service] INFO  o.e.m.i.launch.MavenLaunchDelegate - Run build in "C:\projects\fullstack\reactjs_springboot_postgres\employee-service":
2024-07-21 07:17:42,810 [Worker-12: Launching Executing install in C__projects_fullstack_reactjs_springboot_postgres_employee-service] INFO  o.e.m.i.launch.MavenLaunchDelegate -  mvn  -Ppom.xml -B -Dstyle.color=always install
2024-07-21 07:18:05,270 [Worker-5: Building] INFO  o.a.m.s.f.DefaultMavenResourcesFiltering - Copying 1 resource from src\main\resources to target\classes
2024-07-21 07:18:05,275 [Worker-5: Building] INFO  o.a.m.s.f.DefaultMavenResourcesFiltering - Copying 0 resource from src\main\resources to target\classes
2024-07-21 07:18:05,278 [Worker-5: Building] INFO  o.a.m.s.f.DefaultMavenResourcesFiltering - skip non existing resourceDirectory C:\projects\fullstack\reactjs_springboot_postgres\employee-service\src\test\resources
2024-07-21 07:18:08,611 [Worker-4: Launching Executing install in C__projects_fullstack_reactjs_springboot_postgres_employee-service] INFO  o.eclipse.m2e.core.internal.Bundles - getClasspathEntries(Bundle=org.eclipse.m2e.maven.runtime_3.9.600.20231203-1234 [354])
2024-07-21 07:18:08,611 [Worker-4: Launching Executing install in C__projects_fullstack_reactjs_springboot_postgres_employee-service] INFO  o.eclipse.m2e.core.internal.Bundles - 	Entry: C:\sts\sts-4.22.0.RELEASE\plugins\org.eclipse.m2e.maven.runtime_3.9.600.20231203-1234
2024-07-21 07:18:08,612 [Worker-4: Launching Executing install in C__projects_fullstack_reactjs_springboot_postgres_employee-service] INFO  o.eclipse.m2e.core.internal.Bundles - 	Entry: C:\sts\sts-4.22.0.RELEASE\plugins\org.eclipse.m2e.maven.runtime_3.9.600.20231203-1234\jars\aopalliance-1.0.jar
2024-07-21 07:18:08,612 [Worker-4: Launching Executing install in C__projects_fullstack_reactjs_springboot_postgres_employee-service] INFO  o.eclipse.m2e.core.internal.Bundles - 	Entry: C:\sts\sts-4.22.0.RELEASE\plugins\org.eclipse.m2e.maven.runtime_3.9.600.20231203-1234\jars\guice-5.1.0.jar
2024-07-21 07:18:08,612 [Worker-4: Launching Executing install in C__projects_fullstack_reactjs_springboot_postgres_employee-service] INFO  o.eclipse.m2e.core.internal.Bundles - 	Entry: C:\sts\sts-4.22.0.RELEASE\plugins\org.eclipse.m2e.maven.runtime_3.9.600.20231203-1234\jars\httpclient-4.5.14.jar
2024-07-21 07:18:08,612 [Worker-4: Launching Executing install in C__projects_fullstack_reactjs_springboot_postgres_employee-service] INFO  o.eclipse.m2e.core.internal.Bundles - 	Entry: C:\sts\sts-4.22.0.RELEASE\plugins\org.eclipse.m2e.maven.runtime_3.9.600.20231203-1234\jars\httpcore-4.4.16.jar
2024-07-21 07:18:08,612 [Worker-4: Launching Executing install in C__projects_fullstack_reactjs_springboot_postgres_employee-service] INFO  o.eclipse.m2e.core.internal.Bundles - 	Entry: C:\sts\sts-4.22.0.RELEASE\plugins\org.eclipse.m2e.maven.runtime_3.9.600.20231203-1234\jars\jansi-2.4.0.jar
2024-07-21 07:18:08,613 [Worker-4: Launching Executing install in C__projects_fullstack_reactjs_springboot_postgres_employee-service] INFO  o.eclipse.m2e.core.internal.Bundles - 	Entry: C:\sts\sts-4.22.0.RELEASE\plugins\org.eclipse.m2e.maven.runtime_3.9.600.20231203-1234\jars\jcl-over-slf4j-1.7.36.jar
2024-07-21 07:18:08,613 [Worker-4: Launching Executing install in C__projects_fullstack_reactjs_springboot_postgres_employee-service] INFO  o.eclipse.m2e.core.internal.Bundles - 	Entry: C:\sts\sts-4.22.0.RELEASE\plugins\org.eclipse.m2e.maven.runtime_3.9.600.20231203-1234\jars\maven-artifact-3.9.6.jar
2024-07-21 07:18:08,613 [Worker-4: Launching Executing install in C__projects_fullstack_reactjs_springboot_postgres_employee-service] INFO  o.eclipse.m2e.core.internal.Bundles - 	Entry: C:\sts\sts-4.22.0.RELEASE\plugins\org.eclipse.m2e.maven.runtime_3.9.600.20231203-1234\jars\maven-builder-support-3.9.6.jar
2024-07-21 07:18:08,613 [Worker-4: Launching Executing install in C__projects_fullstack_reactjs_springboot_postgres_employee-service] INFO  o.eclipse.m2e.core.internal.Bundles - 	Entry: C:\sts\sts-4.22.0.RELEASE\plugins\org.eclipse.m2e.maven.runtime_3.9.600.20231203-1234\jars\maven-compat-3.9.6.jar
2024-07-21 07:18:08,614 [Worker-4: Launching Executing install in C__projects_fullstack_reactjs_springboot_postgres_employee-service] INFO  o.eclipse.m2e.core.internal.Bundles - 	Entry: C:\sts\sts-4.22.0.RELEASE\plugins\org.eclipse.m2e.maven.runtime_3.9.600.20231203-1234\jars\maven-core-3.9.6.jar
2024-07-21 07:18:08,614 [Worker-4: Launching Executing install in C__projects_fullstack_reactjs_springboot_postgres_employee-service] INFO  o.eclipse.m2e.core.internal.Bundles - 	Entry: C:\sts\sts-4.22.0.RELEASE\plugins\org.eclipse.m2e.maven.runtime_3.9.600.20231203-1234\jars\maven-embedder-3.9.6.jar
2024-07-21 07:18:08,614 [Worker-4: Launching Executing install in C__projects_fullstack_reactjs_springboot_postgres_employee-service] INFO  o.eclipse.m2e.core.internal.Bundles - 	Entry: C:\sts\sts-4.22.0.RELEASE\plugins\org.eclipse.m2e.maven.runtime_3.9.600.20231203-1234\jars\maven-model-3.9.6.jar
2024-07-21 07:18:08,614 [Worker-4: Launching Executing install in C__projects_fullstack_reactjs_springboot_postgres_employee-service] INFO  o.eclipse.m2e.core.internal.Bundles - 	Entry: C:\sts\sts-4.22.0.RELEASE\plugins\org.eclipse.m2e.maven.runtime_3.9.600.20231203-1234\jars\maven-model-builder-3.9.6.jar
2024-07-21 07:18:08,614 [Worker-4: Launching Executing install in C__projects_fullstack_reactjs_springboot_postgres_employee-service] INFO  o.eclipse.m2e.core.internal.Bundles - 	Entry: C:\sts\sts-4.22.0.RELEASE\plugins\org.eclipse.m2e.maven.runtime_3.9.600.20231203-1234\jars\maven-plugin-api-3.9.6.jar
2024-07-21 07:18:08,614 [Worker-4: Launching Executing install in C__projects_fullstack_reactjs_springboot_postgres_employee-service] INFO  o.eclipse.m2e.core.internal.Bundles - 	Entry: C:\sts\sts-4.22.0.RELEASE\plugins\org.eclipse.m2e.maven.runtime_3.9.600.20231203-1234\jars\maven-repository-metadata-3.9.6.jar
2024-07-21 07:18:08,615 [Worker-4: Launching Executing install in C__projects_fullstack_reactjs_springboot_postgres_employee-service] INFO  o.eclipse.m2e.core.internal.Bundles - 	Entry: C:\sts\sts-4.22.0.RELEASE\plugins\org.eclipse.m2e.maven.runtime_3.9.600.20231203-1234\jars\maven-resolver-api-1.9.18.jar
2024-07-21 07:18:08,615 [Worker-4: Launching Executing install in C__projects_fullstack_reactjs_springboot_postgres_employee-service] INFO  o.eclipse.m2e.core.internal.Bundles - 	Entry: C:\sts\sts-4.22.0.RELEASE\plugins\org.eclipse.m2e.maven.runtime_3.9.600.20231203-1234\jars\maven-resolver-connector-basic-1.9.18.jar
2024-07-21 07:18:08,615 [Worker-4: Launching Executing install in C__projects_fullstack_reactjs_springboot_postgres_employee-service] INFO  o.eclipse.m2e.core.internal.Bundles - 	Entry: C:\sts\sts-4.22.0.RELEASE\plugins\org.eclipse.m2e.maven.runtime_3.9.600.20231203-1234\jars\maven-resolver-impl-1.9.18.jar
2024-07-21 07:18:08,615 [Worker-4: Launching Executing install in C__projects_fullstack_reactjs_springboot_postgres_employee-service] INFO  o.eclipse.m2e.core.internal.Bundles - 	Entry: C:\sts\sts-4.22.0.RELEASE\plugins\org.eclipse.m2e.maven.runtime_3.9.600.20231203-1234\jars\maven-resolver-named-locks-1.9.18.jar
2024-07-21 07:18:08,615 [Worker-4: Launching Executing install in C__projects_fullstack_reactjs_springboot_postgres_employee-service] INFO  o.eclipse.m2e.core.internal.Bundles - 	Entry: C:\sts\sts-4.22.0.RELEASE\plugins\org.eclipse.m2e.maven.runtime_3.9.600.20231203-1234\jars\maven-resolver-provider-3.9.6.jar
2024-07-21 07:18:08,616 [Worker-4: Launching Executing install in C__projects_fullstack_reactjs_springboot_postgres_employee-service] INFO  o.eclipse.m2e.core.internal.Bundles - 	Entry: C:\sts\sts-4.22.0.RELEASE\plugins\org.eclipse.m2e.maven.runtime_3.9.600.20231203-1234\jars\maven-resolver-spi-1.9.18.jar
2024-07-21 07:18:08,616 [Worker-4: Launching Executing install in C__projects_fullstack_reactjs_springboot_postgres_employee-service] INFO  o.eclipse.m2e.core.internal.Bundles - 	Entry: C:\sts\sts-4.22.0.RELEASE\plugins\org.eclipse.m2e.maven.runtime_3.9.600.20231203-1234\jars\maven-resolver-transport-file-1.9.18.jar
2024-07-21 07:18:08,616 [Worker-4: Launching Executing install in C__projects_fullstack_reactjs_springboot_postgres_employee-service] INFO  o.eclipse.m2e.core.internal.Bundles - 	Entry: C:\sts\sts-4.22.0.RELEASE\plugins\org.eclipse.m2e.maven.runtime_3.9.600.20231203-1234\jars\maven-resolver-transport-http-1.9.18.jar
2024-07-21 07:18:08,616 [Worker-4: Launching Executing install in C__projects_fullstack_reactjs_springboot_postgres_employee-service] INFO  o.eclipse.m2e.core.internal.Bundles - 	Entry: C:\sts\sts-4.22.0.RELEASE\plugins\org.eclipse.m2e.maven.runtime_3.9.600.20231203-1234\jars\maven-resolver-transport-wagon-1.9.18.jar
2024-07-21 07:18:08,617 [Worker-4: Launching Executing install in C__projects_fullstack_reactjs_springboot_postgres_employee-service] INFO  o.eclipse.m2e.core.internal.Bundles - 	Entry: C:\sts\sts-4.22.0.RELEASE\plugins\org.eclipse.m2e.maven.runtime_3.9.600.20231203-1234\jars\maven-resolver-util-1.9.18.jar
2024-07-21 07:18:08,617 [Worker-4: Launching Executing install in C__projects_fullstack_reactjs_springboot_postgres_employee-service] INFO  o.eclipse.m2e.core.internal.Bundles - 	Entry: C:\sts\sts-4.22.0.RELEASE\plugins\org.eclipse.m2e.maven.runtime_3.9.600.20231203-1234\jars\maven-settings-3.9.6.jar
2024-07-21 07:18:08,617 [Worker-4: Launching Executing install in C__projects_fullstack_reactjs_springboot_postgres_employee-service] INFO  o.eclipse.m2e.core.internal.Bundles - 	Entry: C:\sts\sts-4.22.0.RELEASE\plugins\org.eclipse.m2e.maven.runtime_3.9.600.20231203-1234\jars\maven-settings-builder-3.9.6.jar
2024-07-21 07:18:08,618 [Worker-4: Launching Executing install in C__projects_fullstack_reactjs_springboot_postgres_employee-service] INFO  o.eclipse.m2e.core.internal.Bundles - 	Entry: C:\sts\sts-4.22.0.RELEASE\plugins\org.eclipse.m2e.maven.runtime_3.9.600.20231203-1234\jars\maven-shared-utils-3.3.4.jar
2024-07-21 07:18:08,618 [Worker-4: Launching Executing install in C__projects_fullstack_reactjs_springboot_postgres_employee-service] INFO  o.eclipse.m2e.core.internal.Bundles - 	Entry: C:\sts\sts-4.22.0.RELEASE\plugins\org.eclipse.m2e.maven.runtime_3.9.600.20231203-1234\jars\org.eclipse.sisu.inject-0.9.0.M2.jar
2024-07-21 07:18:08,618 [Worker-4: Launching Executing install in C__projects_fullstack_reactjs_springboot_postgres_employee-service] INFO  o.eclipse.m2e.core.internal.Bundles - 	Entry: C:\sts\sts-4.22.0.RELEASE\plugins\org.eclipse.m2e.maven.runtime_3.9.600.20231203-1234\jars\org.eclipse.sisu.plexus-0.9.0.M2.jar
2024-07-21 07:18:08,619 [Worker-4: Launching Executing install in C__projects_fullstack_reactjs_springboot_postgres_employee-service] INFO  o.eclipse.m2e.core.internal.Bundles - 	Entry: C:\sts\sts-4.22.0.RELEASE\plugins\org.eclipse.m2e.maven.runtime_3.9.600.20231203-1234\jars\plexus-build-api-0.0.7.jar
2024-07-21 07:18:08,619 [Worker-4: Launching Executing install in C__projects_fullstack_reactjs_springboot_postgres_employee-service] INFO  o.eclipse.m2e.core.internal.Bundles - 	Entry: C:\sts\sts-4.22.0.RELEASE\plugins\org.eclipse.m2e.maven.runtime_3.9.600.20231203-1234\jars\plexus-cipher-2.0.jar
2024-07-21 07:18:08,619 [Worker-4: Launching Executing install in C__projects_fullstack_reactjs_springboot_postgres_employee-service] INFO  o.eclipse.m2e.core.internal.Bundles - 	Entry: C:\sts\sts-4.22.0.RELEASE\plugins\org.eclipse.m2e.maven.runtime_3.9.600.20231203-1234\jars\plexus-classworlds-2.7.0.jar
2024-07-21 07:18:08,620 [Worker-4: Launching Executing install in C__projects_fullstack_reactjs_springboot_postgres_employee-service] INFO  o.eclipse.m2e.core.internal.Bundles - 	Entry: C:\sts\sts-4.22.0.RELEASE\plugins\org.eclipse.m2e.maven.runtime_3.9.600.20231203-1234\jars\plexus-component-annotations-2.1.0.jar
2024-07-21 07:18:08,620 [Worker-4: Launching Executing install in C__projects_fullstack_reactjs_springboot_postgres_employee-service] INFO  o.eclipse.m2e.core.internal.Bundles - 	Entry: C:\sts\sts-4.22.0.RELEASE\plugins\org.eclipse.m2e.maven.runtime_3.9.600.20231203-1234\jars\plexus-interpolation-1.26.jar
2024-07-21 07:18:08,620 [Worker-4: Launching Executing install in C__projects_fullstack_reactjs_springboot_postgres_employee-service] INFO  o.eclipse.m2e.core.internal.Bundles - 	Entry: C:\sts\sts-4.22.0.RELEASE\plugins\org.eclipse.m2e.maven.runtime_3.9.600.20231203-1234\jars\plexus-sec-dispatcher-2.0.jar
2024-07-21 07:18:08,620 [Worker-4: Launching Executing install in C__projects_fullstack_reactjs_springboot_postgres_employee-service] INFO  o.eclipse.m2e.core.internal.Bundles - 	Entry: C:\sts\sts-4.22.0.RELEASE\plugins\org.eclipse.m2e.maven.runtime_3.9.600.20231203-1234\jars\plexus-utils-3.5.1.jar
2024-07-21 07:18:08,621 [Worker-4: Launching Executing install in C__projects_fullstack_reactjs_springboot_postgres_employee-service] INFO  o.eclipse.m2e.core.internal.Bundles - 	Entry: C:\sts\sts-4.22.0.RELEASE\plugins\org.eclipse.m2e.maven.runtime_3.9.600.20231203-1234\jars\wagon-file-3.5.3.jar
2024-07-21 07:18:08,621 [Worker-4: Launching Executing install in C__projects_fullstack_reactjs_springboot_postgres_employee-service] INFO  o.eclipse.m2e.core.internal.Bundles - 	Entry: C:\sts\sts-4.22.0.RELEASE\plugins\org.eclipse.m2e.maven.runtime_3.9.600.20231203-1234\jars\wagon-http-3.5.3.jar
2024-07-21 07:18:08,621 [Worker-4: Launching Executing install in C__projects_fullstack_reactjs_springboot_postgres_employee-service] INFO  o.eclipse.m2e.core.internal.Bundles - 	Entry: C:\sts\sts-4.22.0.RELEASE\plugins\org.eclipse.m2e.maven.runtime_3.9.600.20231203-1234\jars\wagon-http-shared-3.5.3.jar
2024-07-21 07:18:08,621 [Worker-4: Launching Executing install in C__projects_fullstack_reactjs_springboot_postgres_employee-service] INFO  o.eclipse.m2e.core.internal.Bundles - 	Entry: C:\sts\sts-4.22.0.RELEASE\plugins\org.eclipse.m2e.maven.runtime_3.9.600.20231203-1234\jars\wagon-provider-api-3.5.3.jar
2024-07-21 07:18:08,622 [Worker-4: Launching Executing install in C__projects_fullstack_reactjs_springboot_postgres_employee-service] INFO  o.eclipse.m2e.core.internal.Bundles - getClasspathEntries(Bundle=com.google.guava_33.0.0.jre [27])
2024-07-21 07:18:08,622 [Worker-4: Launching Executing install in C__projects_fullstack_reactjs_springboot_postgres_employee-service] INFO  o.eclipse.m2e.core.internal.Bundles - 	Entry: C:\sts\sts-4.22.0.RELEASE\plugins\com.google.guava_33.0.0.jre.jar
2024-07-21 07:18:08,622 [Worker-4: Launching Executing install in C__projects_fullstack_reactjs_springboot_postgres_employee-service] INFO  o.eclipse.m2e.core.internal.Bundles - getClasspathEntries(Bundle=slf4j.api_2.0.12 [583])
2024-07-21 07:18:08,622 [Worker-4: Launching Executing install in C__projects_fullstack_reactjs_springboot_postgres_employee-service] INFO  o.eclipse.m2e.core.internal.Bundles - 	Entry: C:\sts\sts-4.22.0.RELEASE\plugins\slf4j.api_2.0.12.jar
2024-07-21 07:18:08,622 [Worker-4: Launching Executing install in C__projects_fullstack_reactjs_springboot_postgres_employee-service] INFO  o.eclipse.m2e.core.internal.Bundles - getClasspathEntries(Bundle=jakarta.inject.jakarta.inject-api_1.0.5 [44])
2024-07-21 07:18:08,622 [Worker-4: Launching Executing install in C__projects_fullstack_reactjs_springboot_postgres_employee-service] INFO  o.eclipse.m2e.core.internal.Bundles - 	Entry: C:\sts\sts-4.22.0.RELEASE\plugins\jakarta.inject.jakarta.inject-api_1.0.5.jar
2024-07-21 07:18:08,622 [Worker-4: Launching Executing install in C__projects_fullstack_reactjs_springboot_postgres_employee-service] INFO  o.eclipse.m2e.core.internal.Bundles - getClasspathEntries(Bundle=jakarta.annotation-api_1.3.5 [40])
2024-07-21 07:18:08,623 [Worker-4: Launching Executing install in C__projects_fullstack_reactjs_springboot_postgres_employee-service] INFO  o.eclipse.m2e.core.internal.Bundles - 	Entry: C:\sts\sts-4.22.0.RELEASE\plugins\jakarta.annotation-api_1.3.5.jar
2024-07-21 07:18:08,623 [Worker-4: Launching Executing install in C__projects_fullstack_reactjs_springboot_postgres_employee-service] INFO  o.eclipse.m2e.core.internal.Bundles - getClasspathEntries(Bundle=org.apache.commons.cli_1.6.0 [75])
2024-07-21 07:18:08,623 [Worker-4: Launching Executing install in C__projects_fullstack_reactjs_springboot_postgres_employee-service] INFO  o.eclipse.m2e.core.internal.Bundles - 	Entry: C:\sts\sts-4.22.0.RELEASE\plugins\org.apache.commons.cli_1.6.0.jar
2024-07-21 07:18:08,623 [Worker-4: Launching Executing install in C__projects_fullstack_reactjs_springboot_postgres_employee-service] INFO  o.eclipse.m2e.core.internal.Bundles - getClasspathEntries(Bundle=org.apache.commons.commons-codec_1.16.0 [77])
2024-07-21 07:18:08,623 [Worker-4: Launching Executing install in C__projects_fullstack_reactjs_springboot_postgres_employee-service] INFO  o.eclipse.m2e.core.internal.Bundles - 	Entry: C:\sts\sts-4.22.0.RELEASE\plugins\org.apache.commons.commons-codec_1.16.0.jar
2024-07-21 07:18:08,623 [Worker-4: Launching Executing install in C__projects_fullstack_reactjs_springboot_postgres_employee-service] INFO  o.eclipse.m2e.core.internal.Bundles - getClasspathEntries(Bundle=org.apache.commons.lang3_3.14.0 [81])
2024-07-21 07:18:08,624 [Worker-4: Launching Executing install in C__projects_fullstack_reactjs_springboot_postgres_employee-service] INFO  o.eclipse.m2e.core.internal.Bundles - 	Entry: C:\sts\sts-4.22.0.RELEASE\plugins\org.apache.commons.lang3_3.14.0.jar
2024-07-21 07:18:08,624 [Worker-4: Launching Executing install in C__projects_fullstack_reactjs_springboot_postgres_employee-service] INFO  o.eclipse.m2e.core.internal.Bundles - getClasspathEntries(Bundle=com.google.guava.failureaccess_1.0.2 [29])
2024-07-21 07:18:08,624 [Worker-4: Launching Executing install in C__projects_fullstack_reactjs_springboot_postgres_employee-service] INFO  o.eclipse.m2e.core.internal.Bundles - 	Entry: C:\sts\sts-4.22.0.RELEASE\plugins\com.google.guava.failureaccess_1.0.2.jar
2024-07-21 07:18:08,625 [Worker-4: Launching Executing install in C__projects_fullstack_reactjs_springboot_postgres_employee-service] INFO  o.e.m.i.launch.MavenLaunchDelegate - Run build in "C:\projects\fullstack\reactjs_springboot_postgres\employee-service":
2024-07-21 07:18:08,625 [Worker-4: Launching Executing install in C__projects_fullstack_reactjs_springboot_postgres_employee-service] INFO  o.e.m.i.launch.MavenLaunchDelegate -  mvn  -Ppom.xml -B -Dstyle.color=always install
2024-07-21 07:20:49,040 [Worker-3: Building] INFO  o.a.m.s.f.DefaultMavenResourcesFiltering - Copying 1 resource from src\main\resources to target\classes
2024-07-21 07:20:49,070 [Worker-3: Building] INFO  o.a.m.s.f.DefaultMavenResourcesFiltering - Copying 0 resource from src\main\resources to target\classes
2024-07-21 07:20:49,074 [Worker-3: Building] INFO  o.a.m.s.f.DefaultMavenResourcesFiltering - skip non existing resourceDirectory C:\projects\fullstack\reactjs_springboot_postgres\employee-service\src\test\resources
2024-07-21 07:20:56,414 [Worker-11: Building] INFO  o.a.m.s.f.DefaultMavenResourcesFiltering - Copying 1 resource from src\main\resources to target\classes
2024-07-21 07:20:56,439 [Worker-11: Building] INFO  o.a.m.s.f.DefaultMavenResourcesFiltering - Copying 0 resource from src\main\resources to target\classes
2024-07-21 07:20:56,442 [Worker-11: Building] INFO  o.a.m.s.f.DefaultMavenResourcesFiltering - skip non existing resourceDirectory C:\projects\fullstack\reactjs_springboot_postgres\employee-service\src\test\resources
2024-07-21 07:21:01,316 [Worker-10: Launching Executing install in C__projects_fullstack_reactjs_springboot_postgres_employee-service] INFO  o.eclipse.m2e.core.internal.Bundles - getClasspathEntries(Bundle=org.eclipse.m2e.maven.runtime_3.9.600.20231203-1234 [354])
2024-07-21 07:21:01,317 [Worker-10: Launching Executing install in C__projects_fullstack_reactjs_springboot_postgres_employee-service] INFO  o.eclipse.m2e.core.internal.Bundles - 	Entry: C:\sts\sts-4.22.0.RELEASE\plugins\org.eclipse.m2e.maven.runtime_3.9.600.20231203-1234
2024-07-21 07:21:01,317 [Worker-10: Launching Executing install in C__projects_fullstack_reactjs_springboot_postgres_employee-service] INFO  o.eclipse.m2e.core.internal.Bundles - 	Entry: C:\sts\sts-4.22.0.RELEASE\plugins\org.eclipse.m2e.maven.runtime_3.9.600.20231203-1234\jars\aopalliance-1.0.jar
2024-07-21 07:21:01,317 [Worker-10: Launching Executing install in C__projects_fullstack_reactjs_springboot_postgres_employee-service] INFO  o.eclipse.m2e.core.internal.Bundles - 	Entry: C:\sts\sts-4.22.0.RELEASE\plugins\org.eclipse.m2e.maven.runtime_3.9.600.20231203-1234\jars\guice-5.1.0.jar
2024-07-21 07:21:01,317 [Worker-10: Launching Executing install in C__projects_fullstack_reactjs_springboot_postgres_employee-service] INFO  o.eclipse.m2e.core.internal.Bundles - 	Entry: C:\sts\sts-4.22.0.RELEASE\plugins\org.eclipse.m2e.maven.runtime_3.9.600.20231203-1234\jars\httpclient-4.5.14.jar
2024-07-21 07:21:01,317 [Worker-10: Launching Executing install in C__projects_fullstack_reactjs_springboot_postgres_employee-service] INFO  o.eclipse.m2e.core.internal.Bundles - 	Entry: C:\sts\sts-4.22.0.RELEASE\plugins\org.eclipse.m2e.maven.runtime_3.9.600.20231203-1234\jars\httpcore-4.4.16.jar
2024-07-21 07:21:01,318 [Worker-10: Launching Executing install in C__projects_fullstack_reactjs_springboot_postgres_employee-service] INFO  o.eclipse.m2e.core.internal.Bundles - 	Entry: C:\sts\sts-4.22.0.RELEASE\plugins\org.eclipse.m2e.maven.runtime_3.9.600.20231203-1234\jars\jansi-2.4.0.jar
2024-07-21 07:21:01,318 [Worker-10: Launching Executing install in C__projects_fullstack_reactjs_springboot_postgres_employee-service] INFO  o.eclipse.m2e.core.internal.Bundles - 	Entry: C:\sts\sts-4.22.0.RELEASE\plugins\org.eclipse.m2e.maven.runtime_3.9.600.20231203-1234\jars\jcl-over-slf4j-1.7.36.jar
2024-07-21 07:21:01,318 [Worker-10: Launching Executing install in C__projects_fullstack_reactjs_springboot_postgres_employee-service] INFO  o.eclipse.m2e.core.internal.Bundles - 	Entry: C:\sts\sts-4.22.0.RELEASE\plugins\org.eclipse.m2e.maven.runtime_3.9.600.20231203-1234\jars\maven-artifact-3.9.6.jar
2024-07-21 07:21:01,318 [Worker-10: Launching Executing install in C__projects_fullstack_reactjs_springboot_postgres_employee-service] INFO  o.eclipse.m2e.core.internal.Bundles - 	Entry: C:\sts\sts-4.22.0.RELEASE\plugins\org.eclipse.m2e.maven.runtime_3.9.600.20231203-1234\jars\maven-builder-support-3.9.6.jar
2024-07-21 07:21:01,318 [Worker-10: Launching Executing install in C__projects_fullstack_reactjs_springboot_postgres_employee-service] INFO  o.eclipse.m2e.core.internal.Bundles - 	Entry: C:\sts\sts-4.22.0.RELEASE\plugins\org.eclipse.m2e.maven.runtime_3.9.600.20231203-1234\jars\maven-compat-3.9.6.jar
2024-07-21 07:21:01,319 [Worker-10: Launching Executing install in C__projects_fullstack_reactjs_springboot_postgres_employee-service] INFO  o.eclipse.m2e.core.internal.Bundles - 	Entry: C:\sts\sts-4.22.0.RELEASE\plugins\org.eclipse.m2e.maven.runtime_3.9.600.20231203-1234\jars\maven-core-3.9.6.jar
2024-07-21 07:21:01,319 [Worker-10: Launching Executing install in C__projects_fullstack_reactjs_springboot_postgres_employee-service] INFO  o.eclipse.m2e.core.internal.Bundles - 	Entry: C:\sts\sts-4.22.0.RELEASE\plugins\org.eclipse.m2e.maven.runtime_3.9.600.20231203-1234\jars\maven-embedder-3.9.6.jar
2024-07-21 07:21:01,319 [Worker-10: Launching Executing install in C__projects_fullstack_reactjs_springboot_postgres_employee-service] INFO  o.eclipse.m2e.core.internal.Bundles - 	Entry: C:\sts\sts-4.22.0.RELEASE\plugins\org.eclipse.m2e.maven.runtime_3.9.600.20231203-1234\jars\maven-model-3.9.6.jar
2024-07-21 07:21:01,319 [Worker-10: Launching Executing install in C__projects_fullstack_reactjs_springboot_postgres_employee-service] INFO  o.eclipse.m2e.core.internal.Bundles - 	Entry: C:\sts\sts-4.22.0.RELEASE\plugins\org.eclipse.m2e.maven.runtime_3.9.600.20231203-1234\jars\maven-model-builder-3.9.6.jar
2024-07-21 07:21:01,319 [Worker-10: Launching Executing install in C__projects_fullstack_reactjs_springboot_postgres_employee-service] INFO  o.eclipse.m2e.core.internal.Bundles - 	Entry: C:\sts\sts-4.22.0.RELEASE\plugins\org.eclipse.m2e.maven.runtime_3.9.600.20231203-1234\jars\maven-plugin-api-3.9.6.jar
2024-07-21 07:21:01,319 [Worker-10: Launching Executing install in C__projects_fullstack_reactjs_springboot_postgres_employee-service] INFO  o.eclipse.m2e.core.internal.Bundles - 	Entry: C:\sts\sts-4.22.0.RELEASE\plugins\org.eclipse.m2e.maven.runtime_3.9.600.20231203-1234\jars\maven-repository-metadata-3.9.6.jar
2024-07-21 07:21:01,320 [Worker-10: Launching Executing install in C__projects_fullstack_reactjs_springboot_postgres_employee-service] INFO  o.eclipse.m2e.core.internal.Bundles - 	Entry: C:\sts\sts-4.22.0.RELEASE\plugins\org.eclipse.m2e.maven.runtime_3.9.600.20231203-1234\jars\maven-resolver-api-1.9.18.jar
2024-07-21 07:21:01,320 [Worker-10: Launching Executing install in C__projects_fullstack_reactjs_springboot_postgres_employee-service] INFO  o.eclipse.m2e.core.internal.Bundles - 	Entry: C:\sts\sts-4.22.0.RELEASE\plugins\org.eclipse.m2e.maven.runtime_3.9.600.20231203-1234\jars\maven-resolver-connector-basic-1.9.18.jar
2024-07-21 07:21:01,320 [Worker-10: Launching Executing install in C__projects_fullstack_reactjs_springboot_postgres_employee-service] INFO  o.eclipse.m2e.core.internal.Bundles - 	Entry: C:\sts\sts-4.22.0.RELEASE\plugins\org.eclipse.m2e.maven.runtime_3.9.600.20231203-1234\jars\maven-resolver-impl-1.9.18.jar
2024-07-21 07:21:01,320 [Worker-10: Launching Executing install in C__projects_fullstack_reactjs_springboot_postgres_employee-service] INFO  o.eclipse.m2e.core.internal.Bundles - 	Entry: C:\sts\sts-4.22.0.RELEASE\plugins\org.eclipse.m2e.maven.runtime_3.9.600.20231203-1234\jars\maven-resolver-named-locks-1.9.18.jar
2024-07-21 07:21:01,320 [Worker-10: Launching Executing install in C__projects_fullstack_reactjs_springboot_postgres_employee-service] INFO  o.eclipse.m2e.core.internal.Bundles - 	Entry: C:\sts\sts-4.22.0.RELEASE\plugins\org.eclipse.m2e.maven.runtime_3.9.600.20231203-1234\jars\maven-resolver-provider-3.9.6.jar
2024-07-21 07:21:01,321 [Worker-10: Launching Executing install in C__projects_fullstack_reactjs_springboot_postgres_employee-service] INFO  o.eclipse.m2e.core.internal.Bundles - 	Entry: C:\sts\sts-4.22.0.RELEASE\plugins\org.eclipse.m2e.maven.runtime_3.9.600.20231203-1234\jars\maven-resolver-spi-1.9.18.jar
2024-07-21 07:21:01,321 [Worker-10: Launching Executing install in C__projects_fullstack_reactjs_springboot_postgres_employee-service] INFO  o.eclipse.m2e.core.internal.Bundles - 	Entry: C:\sts\sts-4.22.0.RELEASE\plugins\org.eclipse.m2e.maven.runtime_3.9.600.20231203-1234\jars\maven-resolver-transport-file-1.9.18.jar
2024-07-21 07:21:01,321 [Worker-10: Launching Executing install in C__projects_fullstack_reactjs_springboot_postgres_employee-service] INFO  o.eclipse.m2e.core.internal.Bundles - 	Entry: C:\sts\sts-4.22.0.RELEASE\plugins\org.eclipse.m2e.maven.runtime_3.9.600.20231203-1234\jars\maven-resolver-transport-http-1.9.18.jar
2024-07-21 07:21:01,321 [Worker-10: Launching Executing install in C__projects_fullstack_reactjs_springboot_postgres_employee-service] INFO  o.eclipse.m2e.core.internal.Bundles - 	Entry: C:\sts\sts-4.22.0.RELEASE\plugins\org.eclipse.m2e.maven.runtime_3.9.600.20231203-1234\jars\maven-resolver-transport-wagon-1.9.18.jar
2024-07-21 07:21:01,321 [Worker-10: Launching Executing install in C__projects_fullstack_reactjs_springboot_postgres_employee-service] INFO  o.eclipse.m2e.core.internal.Bundles - 	Entry: C:\sts\sts-4.22.0.RELEASE\plugins\org.eclipse.m2e.maven.runtime_3.9.600.20231203-1234\jars\maven-resolver-util-1.9.18.jar
2024-07-21 07:21:01,321 [Worker-10: Launching Executing install in C__projects_fullstack_reactjs_springboot_postgres_employee-service] INFO  o.eclipse.m2e.core.internal.Bundles - 	Entry: C:\sts\sts-4.22.0.RELEASE\plugins\org.eclipse.m2e.maven.runtime_3.9.600.20231203-1234\jars\maven-settings-3.9.6.jar
2024-07-21 07:21:01,322 [Worker-10: Launching Executing install in C__projects_fullstack_reactjs_springboot_postgres_employee-service] INFO  o.eclipse.m2e.core.internal.Bundles - 	Entry: C:\sts\sts-4.22.0.RELEASE\plugins\org.eclipse.m2e.maven.runtime_3.9.600.20231203-1234\jars\maven-settings-builder-3.9.6.jar
2024-07-21 07:21:01,322 [Worker-10: Launching Executing install in C__projects_fullstack_reactjs_springboot_postgres_employee-service] INFO  o.eclipse.m2e.core.internal.Bundles - 	Entry: C:\sts\sts-4.22.0.RELEASE\plugins\org.eclipse.m2e.maven.runtime_3.9.600.20231203-1234\jars\maven-shared-utils-3.3.4.jar
2024-07-21 07:21:01,322 [Worker-10: Launching Executing install in C__projects_fullstack_reactjs_springboot_postgres_employee-service] INFO  o.eclipse.m2e.core.internal.Bundles - 	Entry: C:\sts\sts-4.22.0.RELEASE\plugins\org.eclipse.m2e.maven.runtime_3.9.600.20231203-1234\jars\org.eclipse.sisu.inject-0.9.0.M2.jar
2024-07-21 07:21:01,322 [Worker-10: Launching Executing install in C__projects_fullstack_reactjs_springboot_postgres_employee-service] INFO  o.eclipse.m2e.core.internal.Bundles - 	Entry: C:\sts\sts-4.22.0.RELEASE\plugins\org.eclipse.m2e.maven.runtime_3.9.600.20231203-1234\jars\org.eclipse.sisu.plexus-0.9.0.M2.jar
2024-07-21 07:21:01,322 [Worker-10: Launching Executing install in C__projects_fullstack_reactjs_springboot_postgres_employee-service] INFO  o.eclipse.m2e.core.internal.Bundles - 	Entry: C:\sts\sts-4.22.0.RELEASE\plugins\org.eclipse.m2e.maven.runtime_3.9.600.20231203-1234\jars\plexus-build-api-0.0.7.jar
2024-07-21 07:21:01,322 [Worker-10: Launching Executing install in C__projects_fullstack_reactjs_springboot_postgres_employee-service] INFO  o.eclipse.m2e.core.internal.Bundles - 	Entry: C:\sts\sts-4.22.0.RELEASE\plugins\org.eclipse.m2e.maven.runtime_3.9.600.20231203-1234\jars\plexus-cipher-2.0.jar
2024-07-21 07:21:01,323 [Worker-10: Launching Executing install in C__projects_fullstack_reactjs_springboot_postgres_employee-service] INFO  o.eclipse.m2e.core.internal.Bundles - 	Entry: C:\sts\sts-4.22.0.RELEASE\plugins\org.eclipse.m2e.maven.runtime_3.9.600.20231203-1234\jars\plexus-classworlds-2.7.0.jar
2024-07-21 07:21:01,323 [Worker-10: Launching Executing install in C__projects_fullstack_reactjs_springboot_postgres_employee-service] INFO  o.eclipse.m2e.core.internal.Bundles - 	Entry: C:\sts\sts-4.22.0.RELEASE\plugins\org.eclipse.m2e.maven.runtime_3.9.600.20231203-1234\jars\plexus-component-annotations-2.1.0.jar
2024-07-21 07:21:01,323 [Worker-10: Launching Executing install in C__projects_fullstack_reactjs_springboot_postgres_employee-service] INFO  o.eclipse.m2e.core.internal.Bundles - 	Entry: C:\sts\sts-4.22.0.RELEASE\plugins\org.eclipse.m2e.maven.runtime_3.9.600.20231203-1234\jars\plexus-interpolation-1.26.jar
2024-07-21 07:21:01,323 [Worker-10: Launching Executing install in C__projects_fullstack_reactjs_springboot_postgres_employee-service] INFO  o.eclipse.m2e.core.internal.Bundles - 	Entry: C:\sts\sts-4.22.0.RELEASE\plugins\org.eclipse.m2e.maven.runtime_3.9.600.20231203-1234\jars\plexus-sec-dispatcher-2.0.jar
2024-07-21 07:21:01,323 [Worker-10: Launching Executing install in C__projects_fullstack_reactjs_springboot_postgres_employee-service] INFO  o.eclipse.m2e.core.internal.Bundles - 	Entry: C:\sts\sts-4.22.0.RELEASE\plugins\org.eclipse.m2e.maven.runtime_3.9.600.20231203-1234\jars\plexus-utils-3.5.1.jar
2024-07-21 07:21:01,324 [Worker-10: Launching Executing install in C__projects_fullstack_reactjs_springboot_postgres_employee-service] INFO  o.eclipse.m2e.core.internal.Bundles - 	Entry: C:\sts\sts-4.22.0.RELEASE\plugins\org.eclipse.m2e.maven.runtime_3.9.600.20231203-1234\jars\wagon-file-3.5.3.jar
2024-07-21 07:21:01,324 [Worker-10: Launching Executing install in C__projects_fullstack_reactjs_springboot_postgres_employee-service] INFO  o.eclipse.m2e.core.internal.Bundles - 	Entry: C:\sts\sts-4.22.0.RELEASE\plugins\org.eclipse.m2e.maven.runtime_3.9.600.20231203-1234\jars\wagon-http-3.5.3.jar
2024-07-21 07:21:01,324 [Worker-10: Launching Executing install in C__projects_fullstack_reactjs_springboot_postgres_employee-service] INFO  o.eclipse.m2e.core.internal.Bundles - 	Entry: C:\sts\sts-4.22.0.RELEASE\plugins\org.eclipse.m2e.maven.runtime_3.9.600.20231203-1234\jars\wagon-http-shared-3.5.3.jar
2024-07-21 07:21:01,324 [Worker-10: Launching Executing install in C__projects_fullstack_reactjs_springboot_postgres_employee-service] INFO  o.eclipse.m2e.core.internal.Bundles - 	Entry: C:\sts\sts-4.22.0.RELEASE\plugins\org.eclipse.m2e.maven.runtime_3.9.600.20231203-1234\jars\wagon-provider-api-3.5.3.jar
2024-07-21 07:21:01,324 [Worker-10: Launching Executing install in C__projects_fullstack_reactjs_springboot_postgres_employee-service] INFO  o.eclipse.m2e.core.internal.Bundles - getClasspathEntries(Bundle=com.google.guava_33.0.0.jre [27])
2024-07-21 07:21:01,325 [Worker-10: Launching Executing install in C__projects_fullstack_reactjs_springboot_postgres_employee-service] INFO  o.eclipse.m2e.core.internal.Bundles - 	Entry: C:\sts\sts-4.22.0.RELEASE\plugins\com.google.guava_33.0.0.jre.jar
2024-07-21 07:21:01,325 [Worker-10: Launching Executing install in C__projects_fullstack_reactjs_springboot_postgres_employee-service] INFO  o.eclipse.m2e.core.internal.Bundles - getClasspathEntries(Bundle=slf4j.api_2.0.12 [583])
2024-07-21 07:21:01,325 [Worker-10: Launching Executing install in C__projects_fullstack_reactjs_springboot_postgres_employee-service] INFO  o.eclipse.m2e.core.internal.Bundles - 	Entry: C:\sts\sts-4.22.0.RELEASE\plugins\slf4j.api_2.0.12.jar
2024-07-21 07:21:01,325 [Worker-10: Launching Executing install in C__projects_fullstack_reactjs_springboot_postgres_employee-service] INFO  o.eclipse.m2e.core.internal.Bundles - getClasspathEntries(Bundle=jakarta.inject.jakarta.inject-api_1.0.5 [44])
2024-07-21 07:21:01,325 [Worker-10: Launching Executing install in C__projects_fullstack_reactjs_springboot_postgres_employee-service] INFO  o.eclipse.m2e.core.internal.Bundles - 	Entry: C:\sts\sts-4.22.0.RELEASE\plugins\jakarta.inject.jakarta.inject-api_1.0.5.jar
2024-07-21 07:21:01,325 [Worker-10: Launching Executing install in C__projects_fullstack_reactjs_springboot_postgres_employee-service] INFO  o.eclipse.m2e.core.internal.Bundles - getClasspathEntries(Bundle=jakarta.annotation-api_1.3.5 [40])
2024-07-21 07:21:01,326 [Worker-10: Launching Executing install in C__projects_fullstack_reactjs_springboot_postgres_employee-service] INFO  o.eclipse.m2e.core.internal.Bundles - 	Entry: C:\sts\sts-4.22.0.RELEASE\plugins\jakarta.annotation-api_1.3.5.jar
2024-07-21 07:21:01,326 [Worker-10: Launching Executing install in C__projects_fullstack_reactjs_springboot_postgres_employee-service] INFO  o.eclipse.m2e.core.internal.Bundles - getClasspathEntries(Bundle=org.apache.commons.cli_1.6.0 [75])
2024-07-21 07:21:01,326 [Worker-10: Launching Executing install in C__projects_fullstack_reactjs_springboot_postgres_employee-service] INFO  o.eclipse.m2e.core.internal.Bundles - 	Entry: C:\sts\sts-4.22.0.RELEASE\plugins\org.apache.commons.cli_1.6.0.jar
2024-07-21 07:21:01,326 [Worker-10: Launching Executing install in C__projects_fullstack_reactjs_springboot_postgres_employee-service] INFO  o.eclipse.m2e.core.internal.Bundles - getClasspathEntries(Bundle=org.apache.commons.commons-codec_1.16.0 [77])
2024-07-21 07:21:01,326 [Worker-10: Launching Executing install in C__projects_fullstack_reactjs_springboot_postgres_employee-service] INFO  o.eclipse.m2e.core.internal.Bundles - 	Entry: C:\sts\sts-4.22.0.RELEASE\plugins\org.apache.commons.commons-codec_1.16.0.jar
2024-07-21 07:21:01,326 [Worker-10: Launching Executing install in C__projects_fullstack_reactjs_springboot_postgres_employee-service] INFO  o.eclipse.m2e.core.internal.Bundles - getClasspathEntries(Bundle=org.apache.commons.lang3_3.14.0 [81])
2024-07-21 07:21:01,326 [Worker-10: Launching Executing install in C__projects_fullstack_reactjs_springboot_postgres_employee-service] INFO  o.eclipse.m2e.core.internal.Bundles - 	Entry: C:\sts\sts-4.22.0.RELEASE\plugins\org.apache.commons.lang3_3.14.0.jar
2024-07-21 07:21:01,326 [Worker-10: Launching Executing install in C__projects_fullstack_reactjs_springboot_postgres_employee-service] INFO  o.eclipse.m2e.core.internal.Bundles - getClasspathEntries(Bundle=com.google.guava.failureaccess_1.0.2 [29])
2024-07-21 07:21:01,327 [Worker-10: Launching Executing install in C__projects_fullstack_reactjs_springboot_postgres_employee-service] INFO  o.eclipse.m2e.core.internal.Bundles - 	Entry: C:\sts\sts-4.22.0.RELEASE\plugins\com.google.guava.failureaccess_1.0.2.jar
2024-07-21 07:21:01,328 [Worker-10: Launching Executing install in C__projects_fullstack_reactjs_springboot_postgres_employee-service] INFO  o.e.m.i.launch.MavenLaunchDelegate - Run build in "C:\projects\fullstack\reactjs_springboot_postgres\employee-service":
2024-07-21 07:21:01,328 [Worker-10: Launching Executing install in C__projects_fullstack_reactjs_springboot_postgres_employee-service] INFO  o.e.m.i.launch.MavenLaunchDelegate -  mvn  -Ppom.xml -B -Dstyle.color=always install
2024-07-21 07:22:12,147 [Worker-7: Building] INFO  o.a.m.s.f.DefaultMavenResourcesFiltering - Copying 1 resource from src\main\resources to target\classes
2024-07-21 07:22:12,155 [Worker-7: Building] INFO  o.a.m.s.f.DefaultMavenResourcesFiltering - Copying 0 resource from src\main\resources to target\classes
2024-07-21 07:22:12,158 [Worker-7: Building] INFO  o.a.m.s.f.DefaultMavenResourcesFiltering - skip non existing resourceDirectory C:\projects\fullstack\reactjs_springboot_postgres\employee-service\src\test\resources
2024-07-21 07:23:51,602 [Worker-12: Building] INFO  o.a.m.s.f.DefaultMavenResourcesFiltering - Copying 1 resource from src\main\resources to target\classes
2024-07-21 07:23:51,605 [Worker-12: Building] INFO  o.a.m.s.f.DefaultMavenResourcesFiltering - Copying 0 resource from src\main\resources to target\classes
2024-07-21 07:23:51,608 [Worker-12: Building] INFO  o.a.m.s.f.DefaultMavenResourcesFiltering - skip non existing resourceDirectory C:\projects\fullstack\reactjs_springboot_postgres\employee-service\src\test\resources
2024-07-21 07:24:15,684 [Worker-8: Building] INFO  o.a.m.s.f.DefaultMavenResourcesFiltering - Copying 1 resource from src\main\resources to target\classes
2024-07-21 07:24:15,689 [Worker-8: Building] INFO  o.a.m.s.f.DefaultMavenResourcesFiltering - Copying 0 resource from src\main\resources to target\classes
2024-07-21 07:24:15,694 [Worker-8: Building] INFO  o.a.m.s.f.DefaultMavenResourcesFiltering - skip non existing resourceDirectory C:\projects\fullstack\reactjs_springboot_postgres\employee-service\src\test\resources
2024-07-21 07:25:08,056 [Worker-8: Building] INFO  o.a.m.s.f.DefaultMavenResourcesFiltering - Copying 1 resource from src\main\resources to target\classes
2024-07-21 07:25:08,060 [Worker-8: Building] INFO  o.a.m.s.f.DefaultMavenResourcesFiltering - Copying 0 resource from src\main\resources to target\classes
2024-07-21 07:25:08,063 [Worker-8: Building] INFO  o.a.m.s.f.DefaultMavenResourcesFiltering - skip non existing resourceDirectory C:\projects\fullstack\reactjs_springboot_postgres\employee-service\src\test\resources
2024-07-21 07:25:22,747 [Worker-10: Building] INFO  o.a.m.s.f.DefaultMavenResourcesFiltering - Copying 1 resource from src\main\resources to target\classes
2024-07-21 07:25:22,752 [Worker-10: Building] INFO  o.a.m.s.f.DefaultMavenResourcesFiltering - Copying 0 resource from src\main\resources to target\classes
2024-07-21 07:25:22,754 [Worker-10: Building] INFO  o.a.m.s.f.DefaultMavenResourcesFiltering - skip non existing resourceDirectory C:\projects\fullstack\reactjs_springboot_postgres\employee-service\src\test\resources
2024-07-21 07:25:53,544 [Worker-3: Building] INFO  o.a.m.s.f.DefaultMavenResourcesFiltering - Copying 1 resource from src\main\resources to target\classes
2024-07-21 07:25:53,548 [Worker-3: Building] INFO  o.a.m.s.f.DefaultMavenResourcesFiltering - Copying 0 resource from src\main\resources to target\classes
2024-07-21 07:25:53,550 [Worker-3: Building] INFO  o.a.m.s.f.DefaultMavenResourcesFiltering - skip non existing resourceDirectory C:\projects\fullstack\reactjs_springboot_postgres\employee-service\src\test\resources
2024-07-21 07:26:08,492 [Worker-10: Building] INFO  o.a.m.s.f.DefaultMavenResourcesFiltering - Copying 1 resource from src\main\resources to target\classes
2024-07-21 07:26:08,498 [Worker-10: Building] INFO  o.a.m.s.f.DefaultMavenResourcesFiltering - Copying 0 resource from src\main\resources to target\classes
2024-07-21 07:26:08,500 [Worker-10: Building] INFO  o.a.m.s.f.DefaultMavenResourcesFiltering - skip non existing resourceDirectory C:\projects\fullstack\reactjs_springboot_postgres\employee-service\src\test\resources
2024-07-21 07:26:50,567 [Worker-7: Building] INFO  o.a.m.s.f.DefaultMavenResourcesFiltering - Copying 1 resource from src\main\resources to target\classes
2024-07-21 07:26:50,571 [Worker-7: Building] INFO  o.a.m.s.f.DefaultMavenResourcesFiltering - Copying 0 resource from src\main\resources to target\classes
2024-07-21 07:26:50,573 [Worker-7: Building] INFO  o.a.m.s.f.DefaultMavenResourcesFiltering - skip non existing resourceDirectory C:\projects\fullstack\reactjs_springboot_postgres\employee-service\src\test\resources
2024-07-21 07:27:39,755 [Worker-3: Building] INFO  o.a.m.s.f.DefaultMavenResourcesFiltering - Copying 1 resource from src\main\resources to target\classes
2024-07-21 07:27:39,758 [Worker-3: Building] INFO  o.a.m.s.f.DefaultMavenResourcesFiltering - Copying 0 resource from src\main\resources to target\classes
2024-07-21 07:27:39,759 [Worker-3: Building] INFO  o.a.m.s.f.DefaultMavenResourcesFiltering - skip non existing resourceDirectory C:\projects\fullstack\reactjs_springboot_postgres\employee-service\src\test\resources
2024-07-21 07:27:50,236 [Worker-9: Building] INFO  o.a.m.s.f.DefaultMavenResourcesFiltering - Copying 1 resource from src\main\resources to target\classes
2024-07-21 07:27:50,240 [Worker-9: Building] INFO  o.a.m.s.f.DefaultMavenResourcesFiltering - Copying 0 resource from src\main\resources to target\classes
2024-07-21 07:27:50,242 [Worker-9: Building] INFO  o.a.m.s.f.DefaultMavenResourcesFiltering - skip non existing resourceDirectory C:\projects\fullstack\reactjs_springboot_postgres\employee-service\src\test\resources
2024-07-21 07:28:00,777 [Worker-12: Building] INFO  o.a.m.s.f.DefaultMavenResourcesFiltering - Copying 1 resource from src\main\resources to target\classes
2024-07-21 07:28:00,782 [Worker-12: Building] INFO  o.a.m.s.f.DefaultMavenResourcesFiltering - Copying 0 resource from src\main\resources to target\classes
2024-07-21 07:28:00,784 [Worker-12: Building] INFO  o.a.m.s.f.DefaultMavenResourcesFiltering - skip non existing resourceDirectory C:\projects\fullstack\reactjs_springboot_postgres\employee-service\src\test\resources
2024-07-21 07:28:18,632 [Worker-0: Building] INFO  o.a.m.s.f.DefaultMavenResourcesFiltering - Copying 1 resource from src\main\resources to target\classes
2024-07-21 07:28:18,637 [Worker-0: Building] INFO  o.a.m.s.f.DefaultMavenResourcesFiltering - Copying 0 resource from src\main\resources to target\classes
2024-07-21 07:28:18,640 [Worker-0: Building] INFO  o.a.m.s.f.DefaultMavenResourcesFiltering - skip non existing resourceDirectory C:\projects\fullstack\reactjs_springboot_postgres\employee-service\src\test\resources
2024-07-21 07:30:59,621 [Worker-1: Building] INFO  o.a.m.s.f.DefaultMavenResourcesFiltering - Copying 1 resource from src\main\resources to target\classes
2024-07-21 07:30:59,627 [Worker-1: Building] INFO  o.a.m.s.f.DefaultMavenResourcesFiltering - Copying 0 resource from src\main\resources to target\classes
2024-07-21 07:30:59,629 [Worker-1: Building] INFO  o.a.m.s.f.DefaultMavenResourcesFiltering - skip non existing resourceDirectory C:\projects\fullstack\reactjs_springboot_postgres\employee-service\src\test\resources
2024-07-21 07:31:14,604 [Worker-0: Building] INFO  o.a.m.s.f.DefaultMavenResourcesFiltering - Copying 1 resource from src\main\resources to target\classes
2024-07-21 07:31:14,610 [Worker-0: Building] INFO  o.a.m.s.f.DefaultMavenResourcesFiltering - Copying 0 resource from src\main\resources to target\classes
2024-07-21 07:31:14,612 [Worker-0: Building] INFO  o.a.m.s.f.DefaultMavenResourcesFiltering - skip non existing resourceDirectory C:\projects\fullstack\reactjs_springboot_postgres\employee-service\src\test\resources
2024-07-21 07:32:32,170 [Worker-5: Building] INFO  o.a.m.s.f.DefaultMavenResourcesFiltering - Copying 1 resource from src\main\resources to target\classes
2024-07-21 07:32:32,176 [Worker-5: Building] INFO  o.a.m.s.f.DefaultMavenResourcesFiltering - Copying 0 resource from src\main\resources to target\classes
2024-07-21 07:32:32,179 [Worker-5: Building] INFO  o.a.m.s.f.DefaultMavenResourcesFiltering - skip non existing resourceDirectory C:\projects\fullstack\reactjs_springboot_postgres\employee-service\src\test\resources
2024-07-21 07:33:08,124 [Worker-5: Building] INFO  o.a.m.s.f.DefaultMavenResourcesFiltering - Copying 1 resource from src\main\resources to target\classes
2024-07-21 07:33:08,128 [Worker-5: Building] INFO  o.a.m.s.f.DefaultMavenResourcesFiltering - Copying 0 resource from src\main\resources to target\classes
2024-07-21 07:33:08,130 [Worker-5: Building] INFO  o.a.m.s.f.DefaultMavenResourcesFiltering - skip non existing resourceDirectory C:\projects\fullstack\reactjs_springboot_postgres\employee-service\src\test\resources
2024-07-21 07:34:23,315 [Worker-3: Building] INFO  o.a.m.s.f.DefaultMavenResourcesFiltering - Copying 1 resource from src\main\resources to target\classes
2024-07-21 07:34:23,319 [Worker-3: Building] INFO  o.a.m.s.f.DefaultMavenResourcesFiltering - Copying 0 resource from src\main\resources to target\classes
2024-07-21 07:34:23,321 [Worker-3: Building] INFO  o.a.m.s.f.DefaultMavenResourcesFiltering - skip non existing resourceDirectory C:\projects\fullstack\reactjs_springboot_postgres\employee-service\src\test\resources
2024-07-21 07:40:54,351 [Worker-12: Building] INFO  o.a.m.s.f.DefaultMavenResourcesFiltering - Copying 1 resource from src\main\resources to target\classes
2024-07-21 07:40:54,356 [Worker-12: Building] INFO  o.a.m.s.f.DefaultMavenResourcesFiltering - Copying 0 resource from src\main\resources to target\classes
2024-07-21 07:40:54,358 [Worker-12: Building] INFO  o.a.m.s.f.DefaultMavenResourcesFiltering - skip non existing resourceDirectory C:\projects\fullstack\reactjs_springboot_postgres\employee-service\src\test\resources
2024-07-21 07:41:19,016 [Worker-0: Building] INFO  o.a.m.s.f.DefaultMavenResourcesFiltering - Copying 1 resource from src\main\resources to target\classes
2024-07-21 07:41:19,044 [Worker-0: Building] INFO  o.a.m.s.f.DefaultMavenResourcesFiltering - Copying 0 resource from src\main\resources to target\classes
2024-07-21 07:41:19,047 [Worker-0: Building] INFO  o.a.m.s.f.DefaultMavenResourcesFiltering - skip non existing resourceDirectory C:\projects\fullstack\reactjs_springboot_postgres\employee-service\src\test\resources
2024-07-21 07:41:39,480 [Worker-11: Launching Executing install in C__projects_fullstack_reactjs_springboot_postgres_employee-service] INFO  o.eclipse.m2e.core.internal.Bundles - getClasspathEntries(Bundle=org.eclipse.m2e.maven.runtime_3.9.600.20231203-1234 [354])
2024-07-21 07:41:39,480 [Worker-11: Launching Executing install in C__projects_fullstack_reactjs_springboot_postgres_employee-service] INFO  o.eclipse.m2e.core.internal.Bundles - 	Entry: C:\sts\sts-4.22.0.RELEASE\plugins\org.eclipse.m2e.maven.runtime_3.9.600.20231203-1234
2024-07-21 07:41:39,480 [Worker-11: Launching Executing install in C__projects_fullstack_reactjs_springboot_postgres_employee-service] INFO  o.eclipse.m2e.core.internal.Bundles - 	Entry: C:\sts\sts-4.22.0.RELEASE\plugins\org.eclipse.m2e.maven.runtime_3.9.600.20231203-1234\jars\aopalliance-1.0.jar
2024-07-21 07:41:39,481 [Worker-11: Launching Executing install in C__projects_fullstack_reactjs_springboot_postgres_employee-service] INFO  o.eclipse.m2e.core.internal.Bundles - 	Entry: C:\sts\sts-4.22.0.RELEASE\plugins\org.eclipse.m2e.maven.runtime_3.9.600.20231203-1234\jars\guice-5.1.0.jar
2024-07-21 07:41:39,481 [Worker-11: Launching Executing install in C__projects_fullstack_reactjs_springboot_postgres_employee-service] INFO  o.eclipse.m2e.core.internal.Bundles - 	Entry: C:\sts\sts-4.22.0.RELEASE\plugins\org.eclipse.m2e.maven.runtime_3.9.600.20231203-1234\jars\httpclient-4.5.14.jar
2024-07-21 07:41:39,481 [Worker-11: Launching Executing install in C__projects_fullstack_reactjs_springboot_postgres_employee-service] INFO  o.eclipse.m2e.core.internal.Bundles - 	Entry: C:\sts\sts-4.22.0.RELEASE\plugins\org.eclipse.m2e.maven.runtime_3.9.600.20231203-1234\jars\httpcore-4.4.16.jar
2024-07-21 07:41:39,481 [Worker-11: Launching Executing install in C__projects_fullstack_reactjs_springboot_postgres_employee-service] INFO  o.eclipse.m2e.core.internal.Bundles - 	Entry: C:\sts\sts-4.22.0.RELEASE\plugins\org.eclipse.m2e.maven.runtime_3.9.600.20231203-1234\jars\jansi-2.4.0.jar
2024-07-21 07:41:39,481 [Worker-11: Launching Executing install in C__projects_fullstack_reactjs_springboot_postgres_employee-service] INFO  o.eclipse.m2e.core.internal.Bundles - 	Entry: C:\sts\sts-4.22.0.RELEASE\plugins\org.eclipse.m2e.maven.runtime_3.9.600.20231203-1234\jars\jcl-over-slf4j-1.7.36.jar
2024-07-21 07:41:39,482 [Worker-11: Launching Executing install in C__projects_fullstack_reactjs_springboot_postgres_employee-service] INFO  o.eclipse.m2e.core.internal.Bundles - 	Entry: C:\sts\sts-4.22.0.RELEASE\plugins\org.eclipse.m2e.maven.runtime_3.9.600.20231203-1234\jars\maven-artifact-3.9.6.jar
2024-07-21 07:41:39,482 [Worker-11: Launching Executing install in C__projects_fullstack_reactjs_springboot_postgres_employee-service] INFO  o.eclipse.m2e.core.internal.Bundles - 	Entry: C:\sts\sts-4.22.0.RELEASE\plugins\org.eclipse.m2e.maven.runtime_3.9.600.20231203-1234\jars\maven-builder-support-3.9.6.jar
2024-07-21 07:41:39,482 [Worker-11: Launching Executing install in C__projects_fullstack_reactjs_springboot_postgres_employee-service] INFO  o.eclipse.m2e.core.internal.Bundles - 	Entry: C:\sts\sts-4.22.0.RELEASE\plugins\org.eclipse.m2e.maven.runtime_3.9.600.20231203-1234\jars\maven-compat-3.9.6.jar
2024-07-21 07:41:39,482 [Worker-11: Launching Executing install in C__projects_fullstack_reactjs_springboot_postgres_employee-service] INFO  o.eclipse.m2e.core.internal.Bundles - 	Entry: C:\sts\sts-4.22.0.RELEASE\plugins\org.eclipse.m2e.maven.runtime_3.9.600.20231203-1234\jars\maven-core-3.9.6.jar
2024-07-21 07:41:39,482 [Worker-11: Launching Executing install in C__projects_fullstack_reactjs_springboot_postgres_employee-service] INFO  o.eclipse.m2e.core.internal.Bundles - 	Entry: C:\sts\sts-4.22.0.RELEASE\plugins\org.eclipse.m2e.maven.runtime_3.9.600.20231203-1234\jars\maven-embedder-3.9.6.jar
2024-07-21 07:41:39,483 [Worker-11: Launching Executing install in C__projects_fullstack_reactjs_springboot_postgres_employee-service] INFO  o.eclipse.m2e.core.internal.Bundles - 	Entry: C:\sts\sts-4.22.0.RELEASE\plugins\org.eclipse.m2e.maven.runtime_3.9.600.20231203-1234\jars\maven-model-3.9.6.jar
2024-07-21 07:41:39,483 [Worker-11: Launching Executing install in C__projects_fullstack_reactjs_springboot_postgres_employee-service] INFO  o.eclipse.m2e.core.internal.Bundles - 	Entry: C:\sts\sts-4.22.0.RELEASE\plugins\org.eclipse.m2e.maven.runtime_3.9.600.20231203-1234\jars\maven-model-builder-3.9.6.jar
2024-07-21 07:41:39,483 [Worker-11: Launching Executing install in C__projects_fullstack_reactjs_springboot_postgres_employee-service] INFO  o.eclipse.m2e.core.internal.Bundles - 	Entry: C:\sts\sts-4.22.0.RELEASE\plugins\org.eclipse.m2e.maven.runtime_3.9.600.20231203-1234\jars\maven-plugin-api-3.9.6.jar
2024-07-21 07:41:39,483 [Worker-11: Launching Executing install in C__projects_fullstack_reactjs_springboot_postgres_employee-service] INFO  o.eclipse.m2e.core.internal.Bundles - 	Entry: C:\sts\sts-4.22.0.RELEASE\plugins\org.eclipse.m2e.maven.runtime_3.9.600.20231203-1234\jars\maven-repository-metadata-3.9.6.jar
2024-07-21 07:41:39,483 [Worker-11: Launching Executing install in C__projects_fullstack_reactjs_springboot_postgres_employee-service] INFO  o.eclipse.m2e.core.internal.Bundles - 	Entry: C:\sts\sts-4.22.0.RELEASE\plugins\org.eclipse.m2e.maven.runtime_3.9.600.20231203-1234\jars\maven-resolver-api-1.9.18.jar
2024-07-21 07:41:39,484 [Worker-11: Launching Executing install in C__projects_fullstack_reactjs_springboot_postgres_employee-service] INFO  o.eclipse.m2e.core.internal.Bundles - 	Entry: C:\sts\sts-4.22.0.RELEASE\plugins\org.eclipse.m2e.maven.runtime_3.9.600.20231203-1234\jars\maven-resolver-connector-basic-1.9.18.jar
2024-07-21 07:41:39,484 [Worker-11: Launching Executing install in C__projects_fullstack_reactjs_springboot_postgres_employee-service] INFO  o.eclipse.m2e.core.internal.Bundles - 	Entry: C:\sts\sts-4.22.0.RELEASE\plugins\org.eclipse.m2e.maven.runtime_3.9.600.20231203-1234\jars\maven-resolver-impl-1.9.18.jar
2024-07-21 07:41:39,484 [Worker-11: Launching Executing install in C__projects_fullstack_reactjs_springboot_postgres_employee-service] INFO  o.eclipse.m2e.core.internal.Bundles - 	Entry: C:\sts\sts-4.22.0.RELEASE\plugins\org.eclipse.m2e.maven.runtime_3.9.600.20231203-1234\jars\maven-resolver-named-locks-1.9.18.jar
2024-07-21 07:41:39,484 [Worker-11: Launching Executing install in C__projects_fullstack_reactjs_springboot_postgres_employee-service] INFO  o.eclipse.m2e.core.internal.Bundles - 	Entry: C:\sts\sts-4.22.0.RELEASE\plugins\org.eclipse.m2e.maven.runtime_3.9.600.20231203-1234\jars\maven-resolver-provider-3.9.6.jar
2024-07-21 07:41:39,484 [Worker-11: Launching Executing install in C__projects_fullstack_reactjs_springboot_postgres_employee-service] INFO  o.eclipse.m2e.core.internal.Bundles - 	Entry: C:\sts\sts-4.22.0.RELEASE\plugins\org.eclipse.m2e.maven.runtime_3.9.600.20231203-1234\jars\maven-resolver-spi-1.9.18.jar
2024-07-21 07:41:39,485 [Worker-11: Launching Executing install in C__projects_fullstack_reactjs_springboot_postgres_employee-service] INFO  o.eclipse.m2e.core.internal.Bundles - 	Entry: C:\sts\sts-4.22.0.RELEASE\plugins\org.eclipse.m2e.maven.runtime_3.9.600.20231203-1234\jars\maven-resolver-transport-file-1.9.18.jar
2024-07-21 07:41:39,485 [Worker-11: Launching Executing install in C__projects_fullstack_reactjs_springboot_postgres_employee-service] INFO  o.eclipse.m2e.core.internal.Bundles - 	Entry: C:\sts\sts-4.22.0.RELEASE\plugins\org.eclipse.m2e.maven.runtime_3.9.600.20231203-1234\jars\maven-resolver-transport-http-1.9.18.jar
2024-07-21 07:41:39,485 [Worker-11: Launching Executing install in C__projects_fullstack_reactjs_springboot_postgres_employee-service] INFO  o.eclipse.m2e.core.internal.Bundles - 	Entry: C:\sts\sts-4.22.0.RELEASE\plugins\org.eclipse.m2e.maven.runtime_3.9.600.20231203-1234\jars\maven-resolver-transport-wagon-1.9.18.jar
2024-07-21 07:41:39,485 [Worker-11: Launching Executing install in C__projects_fullstack_reactjs_springboot_postgres_employee-service] INFO  o.eclipse.m2e.core.internal.Bundles - 	Entry: C:\sts\sts-4.22.0.RELEASE\plugins\org.eclipse.m2e.maven.runtime_3.9.600.20231203-1234\jars\maven-resolver-util-1.9.18.jar
2024-07-21 07:41:39,485 [Worker-11: Launching Executing install in C__projects_fullstack_reactjs_springboot_postgres_employee-service] INFO  o.eclipse.m2e.core.internal.Bundles - 	Entry: C:\sts\sts-4.22.0.RELEASE\plugins\org.eclipse.m2e.maven.runtime_3.9.600.20231203-1234\jars\maven-settings-3.9.6.jar
2024-07-21 07:41:39,486 [Worker-11: Launching Executing install in C__projects_fullstack_reactjs_springboot_postgres_employee-service] INFO  o.eclipse.m2e.core.internal.Bundles - 	Entry: C:\sts\sts-4.22.0.RELEASE\plugins\org.eclipse.m2e.maven.runtime_3.9.600.20231203-1234\jars\maven-settings-builder-3.9.6.jar
2024-07-21 07:41:39,486 [Worker-11: Launching Executing install in C__projects_fullstack_reactjs_springboot_postgres_employee-service] INFO  o.eclipse.m2e.core.internal.Bundles - 	Entry: C:\sts\sts-4.22.0.RELEASE\plugins\org.eclipse.m2e.maven.runtime_3.9.600.20231203-1234\jars\maven-shared-utils-3.3.4.jar
2024-07-21 07:41:39,486 [Worker-11: Launching Executing install in C__projects_fullstack_reactjs_springboot_postgres_employee-service] INFO  o.eclipse.m2e.core.internal.Bundles - 	Entry: C:\sts\sts-4.22.0.RELEASE\plugins\org.eclipse.m2e.maven.runtime_3.9.600.20231203-1234\jars\org.eclipse.sisu.inject-0.9.0.M2.jar
2024-07-21 07:41:39,486 [Worker-11: Launching Executing install in C__projects_fullstack_reactjs_springboot_postgres_employee-service] INFO  o.eclipse.m2e.core.internal.Bundles - 	Entry: C:\sts\sts-4.22.0.RELEASE\plugins\org.eclipse.m2e.maven.runtime_3.9.600.20231203-1234\jars\org.eclipse.sisu.plexus-0.9.0.M2.jar
2024-07-21 07:41:39,486 [Worker-11: Launching Executing install in C__projects_fullstack_reactjs_springboot_postgres_employee-service] INFO  o.eclipse.m2e.core.internal.Bundles - 	Entry: C:\sts\sts-4.22.0.RELEASE\plugins\org.eclipse.m2e.maven.runtime_3.9.600.20231203-1234\jars\plexus-build-api-0.0.7.jar
2024-07-21 07:41:39,486 [Worker-11: Launching Executing install in C__projects_fullstack_reactjs_springboot_postgres_employee-service] INFO  o.eclipse.m2e.core.internal.Bundles - 	Entry: C:\sts\sts-4.22.0.RELEASE\plugins\org.eclipse.m2e.maven.runtime_3.9.600.20231203-1234\jars\plexus-cipher-2.0.jar
2024-07-21 07:41:39,487 [Worker-11: Launching Executing install in C__projects_fullstack_reactjs_springboot_postgres_employee-service] INFO  o.eclipse.m2e.core.internal.Bundles - 	Entry: C:\sts\sts-4.22.0.RELEASE\plugins\org.eclipse.m2e.maven.runtime_3.9.600.20231203-1234\jars\plexus-classworlds-2.7.0.jar
2024-07-21 07:41:39,487 [Worker-11: Launching Executing install in C__projects_fullstack_reactjs_springboot_postgres_employee-service] INFO  o.eclipse.m2e.core.internal.Bundles - 	Entry: C:\sts\sts-4.22.0.RELEASE\plugins\org.eclipse.m2e.maven.runtime_3.9.600.20231203-1234\jars\plexus-component-annotations-2.1.0.jar
2024-07-21 07:41:39,487 [Worker-11: Launching Executing install in C__projects_fullstack_reactjs_springboot_postgres_employee-service] INFO  o.eclipse.m2e.core.internal.Bundles - 	Entry: C:\sts\sts-4.22.0.RELEASE\plugins\org.eclipse.m2e.maven.runtime_3.9.600.20231203-1234\jars\plexus-interpolation-1.26.jar
2024-07-21 07:41:39,487 [Worker-11: Launching Executing install in C__projects_fullstack_reactjs_springboot_postgres_employee-service] INFO  o.eclipse.m2e.core.internal.Bundles - 	Entry: C:\sts\sts-4.22.0.RELEASE\plugins\org.eclipse.m2e.maven.runtime_3.9.600.20231203-1234\jars\plexus-sec-dispatcher-2.0.jar
2024-07-21 07:41:39,487 [Worker-11: Launching Executing install in C__projects_fullstack_reactjs_springboot_postgres_employee-service] INFO  o.eclipse.m2e.core.internal.Bundles - 	Entry: C:\sts\sts-4.22.0.RELEASE\plugins\org.eclipse.m2e.maven.runtime_3.9.600.20231203-1234\jars\plexus-utils-3.5.1.jar
2024-07-21 07:41:39,488 [Worker-11: Launching Executing install in C__projects_fullstack_reactjs_springboot_postgres_employee-service] INFO  o.eclipse.m2e.core.internal.Bundles - 	Entry: C:\sts\sts-4.22.0.RELEASE\plugins\org.eclipse.m2e.maven.runtime_3.9.600.20231203-1234\jars\wagon-file-3.5.3.jar
2024-07-21 07:41:39,488 [Worker-11: Launching Executing install in C__projects_fullstack_reactjs_springboot_postgres_employee-service] INFO  o.eclipse.m2e.core.internal.Bundles - 	Entry: C:\sts\sts-4.22.0.RELEASE\plugins\org.eclipse.m2e.maven.runtime_3.9.600.20231203-1234\jars\wagon-http-3.5.3.jar
2024-07-21 07:41:39,488 [Worker-11: Launching Executing install in C__projects_fullstack_reactjs_springboot_postgres_employee-service] INFO  o.eclipse.m2e.core.internal.Bundles - 	Entry: C:\sts\sts-4.22.0.RELEASE\plugins\org.eclipse.m2e.maven.runtime_3.9.600.20231203-1234\jars\wagon-http-shared-3.5.3.jar
2024-07-21 07:41:39,488 [Worker-11: Launching Executing install in C__projects_fullstack_reactjs_springboot_postgres_employee-service] INFO  o.eclipse.m2e.core.internal.Bundles - 	Entry: C:\sts\sts-4.22.0.RELEASE\plugins\org.eclipse.m2e.maven.runtime_3.9.600.20231203-1234\jars\wagon-provider-api-3.5.3.jar
2024-07-21 07:41:39,488 [Worker-11: Launching Executing install in C__projects_fullstack_reactjs_springboot_postgres_employee-service] INFO  o.eclipse.m2e.core.internal.Bundles - getClasspathEntries(Bundle=com.google.guava_33.0.0.jre [27])
2024-07-21 07:41:39,489 [Worker-11: Launching Executing install in C__projects_fullstack_reactjs_springboot_postgres_employee-service] INFO  o.eclipse.m2e.core.internal.Bundles - 	Entry: C:\sts\sts-4.22.0.RELEASE\plugins\com.google.guava_33.0.0.jre.jar
2024-07-21 07:41:39,489 [Worker-11: Launching Executing install in C__projects_fullstack_reactjs_springboot_postgres_employee-service] INFO  o.eclipse.m2e.core.internal.Bundles - getClasspathEntries(Bundle=slf4j.api_2.0.12 [583])
2024-07-21 07:41:39,489 [Worker-11: Launching Executing install in C__projects_fullstack_reactjs_springboot_postgres_employee-service] INFO  o.eclipse.m2e.core.internal.Bundles - 	Entry: C:\sts\sts-4.22.0.RELEASE\plugins\slf4j.api_2.0.12.jar
2024-07-21 07:41:39,489 [Worker-11: Launching Executing install in C__projects_fullstack_reactjs_springboot_postgres_employee-service] INFO  o.eclipse.m2e.core.internal.Bundles - getClasspathEntries(Bundle=jakarta.inject.jakarta.inject-api_1.0.5 [44])
2024-07-21 07:41:39,489 [Worker-11: Launching Executing install in C__projects_fullstack_reactjs_springboot_postgres_employee-service] INFO  o.eclipse.m2e.core.internal.Bundles - 	Entry: C:\sts\sts-4.22.0.RELEASE\plugins\jakarta.inject.jakarta.inject-api_1.0.5.jar
2024-07-21 07:41:39,489 [Worker-11: Launching Executing install in C__projects_fullstack_reactjs_springboot_postgres_employee-service] INFO  o.eclipse.m2e.core.internal.Bundles - getClasspathEntries(Bundle=jakarta.annotation-api_1.3.5 [40])
2024-07-21 07:41:39,489 [Worker-11: Launching Executing install in C__projects_fullstack_reactjs_springboot_postgres_employee-service] INFO  o.eclipse.m2e.core.internal.Bundles - 	Entry: C:\sts\sts-4.22.0.RELEASE\plugins\jakarta.annotation-api_1.3.5.jar
2024-07-21 07:41:39,489 [Worker-11: Launching Executing install in C__projects_fullstack_reactjs_springboot_postgres_employee-service] INFO  o.eclipse.m2e.core.internal.Bundles - getClasspathEntries(Bundle=org.apache.commons.cli_1.6.0 [75])
2024-07-21 07:41:39,490 [Worker-11: Launching Executing install in C__projects_fullstack_reactjs_springboot_postgres_employee-service] INFO  o.eclipse.m2e.core.internal.Bundles - 	Entry: C:\sts\sts-4.22.0.RELEASE\plugins\org.apache.commons.cli_1.6.0.jar
2024-07-21 07:41:39,490 [Worker-11: Launching Executing install in C__projects_fullstack_reactjs_springboot_postgres_employee-service] INFO  o.eclipse.m2e.core.internal.Bundles - getClasspathEntries(Bundle=org.apache.commons.commons-codec_1.16.0 [77])
2024-07-21 07:41:39,490 [Worker-11: Launching Executing install in C__projects_fullstack_reactjs_springboot_postgres_employee-service] INFO  o.eclipse.m2e.core.internal.Bundles - 	Entry: C:\sts\sts-4.22.0.RELEASE\plugins\org.apache.commons.commons-codec_1.16.0.jar
2024-07-21 07:41:39,490 [Worker-11: Launching Executing install in C__projects_fullstack_reactjs_springboot_postgres_employee-service] INFO  o.eclipse.m2e.core.internal.Bundles - getClasspathEntries(Bundle=org.apache.commons.lang3_3.14.0 [81])
2024-07-21 07:41:39,490 [Worker-11: Launching Executing install in C__projects_fullstack_reactjs_springboot_postgres_employee-service] INFO  o.eclipse.m2e.core.internal.Bundles - 	Entry: C:\sts\sts-4.22.0.RELEASE\plugins\org.apache.commons.lang3_3.14.0.jar
2024-07-21 07:41:39,490 [Worker-11: Launching Executing install in C__projects_fullstack_reactjs_springboot_postgres_employee-service] INFO  o.eclipse.m2e.core.internal.Bundles - getClasspathEntries(Bundle=com.google.guava.failureaccess_1.0.2 [29])
2024-07-21 07:41:39,490 [Worker-11: Launching Executing install in C__projects_fullstack_reactjs_springboot_postgres_employee-service] INFO  o.eclipse.m2e.core.internal.Bundles - 	Entry: C:\sts\sts-4.22.0.RELEASE\plugins\com.google.guava.failureaccess_1.0.2.jar
2024-07-21 07:41:39,491 [Worker-11: Launching Executing install in C__projects_fullstack_reactjs_springboot_postgres_employee-service] INFO  o.e.m.i.launch.MavenLaunchDelegate - Run build in "C:\projects\fullstack\reactjs_springboot_postgres\employee-service":
2024-07-21 07:41:39,491 [Worker-11: Launching Executing install in C__projects_fullstack_reactjs_springboot_postgres_employee-service] INFO  o.e.m.i.launch.MavenLaunchDelegate -  mvn  -Ppom.xml -B -Dstyle.color=always install
2024-07-22 06:22:12,557 [Worker-0: Loading available Gradle versions] INFO  o.e.b.c.i.u.g.PublishedGradleVersions - Gradle version information cache is out-of-date. Trying to update.
2024-07-22 06:22:16,157 [Worker-4: Building] INFO  o.a.m.s.f.DefaultMavenResourcesFiltering - Copying 1 resource from src\main\resources to target\classes
2024-07-22 06:22:16,178 [Worker-4: Building] INFO  o.a.m.s.f.DefaultMavenResourcesFiltering - Copying 0 resource from src\main\resources to target\classes
2024-07-22 06:22:16,184 [Worker-4: Building] INFO  o.a.m.s.f.DefaultMavenResourcesFiltering - skip non existing resourceDirectory C:\projects\fullstack\reactjs_springboot_postgres\employee-service\src\test\resources
